#! /usr/bin/vvp
:ivl_version "12.0 (stable)";
:ivl_delay_selection "TYPICAL";
:vpi_time_precision - 12;
:vpi_module "/usr/lib/x86_64-linux-gnu/ivl/system.vpi";
:vpi_module "/usr/lib/x86_64-linux-gnu/ivl/vhdl_sys.vpi";
:vpi_module "/usr/lib/x86_64-linux-gnu/ivl/vhdl_textio.vpi";
:vpi_module "/usr/lib/x86_64-linux-gnu/ivl/v2005_math.vpi";
:vpi_module "/usr/lib/x86_64-linux-gnu/ivl/va_math.vpi";
S_0x61c94d3fb0d0 .scope module, "tb_gps_connected" "tb_gps_connected" 2 4;
 .timescale -9 -12;
v0x61c94d4382f0_0 .var "clk", 0 0;
v0x61c94d4383b0_0 .net "lat_len", 7 0, v0x61c94d435490_0;  1 drivers
v0x61c94d438470_0 .net "lat_out_vec", 255 0, v0x61c94d42eeb0_0;  1 drivers
v0x61c94d438540_0 .net "lat_q", 31 0, v0x61c94d432100_0;  1 drivers
v0x61c94d438630_0 .net "lat_q_valid", 0 0, v0x61c94d432970_0;  1 drivers
v0x61c94d438770_0 .net "lat_ready", 0 0, v0x61c94d435610_0;  1 drivers
v0x61c94d438860_0 .net "lat_str_valid", 0 0, v0x61c94d42edf0_0;  1 drivers
v0x61c94d438900_0 .net "lat_vec", 127 0, v0x61c94d4356e0_0;  1 drivers
v0x61c94d4389f0_0 .net "lon_len", 7 0, v0x61c94d435850_0;  1 drivers
v0x61c94d438b40_0 .net "lon_out_vec", 255 0, v0x61c94d430a40_0;  1 drivers
v0x61c94d438c00_0 .net "lon_q", 31 0, v0x61c94d4341a0_0;  1 drivers
v0x61c94d438cf0_0 .net "lon_q_valid", 0 0, v0x61c94d434a10_0;  1 drivers
v0x61c94d438de0_0 .net "lon_ready", 0 0, v0x61c94d435a00_0;  1 drivers
v0x61c94d438ed0_0 .net "lon_str_valid", 0 0, v0x61c94d430980_0;  1 drivers
v0x61c94d438f70_0 .net "lon_vec", 127 0, v0x61c94d435ad0_0;  1 drivers
v0x61c94d439060_0 .var "rst", 0 0;
v0x61c94d439100_0 .net "rx_byte", 7 0, v0x61c94d436fe0_0;  1 drivers
v0x61c94d439320_0 .net "rx_valid", 0 0, v0x61c94d437440_0;  1 drivers
v0x61c94d439410_0 .net "sign_lat", 0 0, v0x61c94d435cd0_0;  1 drivers
v0x61c94d439500_0 .net "sign_lon", 0 0, v0x61c94d435eb0_0;  1 drivers
v0x61c94d4395f0_0 .var "tx_line", 0 0;
S_0x61c94d3fb970 .scope module, "U_FMT_LAT" "formatter" 2 53, 3 3 0, S_0x61c94d3fb0d0;
 .timescale -9 -12;
    .port_info 0 /INPUT 1 "clk";
    .port_info 1 /INPUT 1 "rst";
    .port_info 2 /INPUT 32 "q16_16";
    .port_info 3 /INPUT 1 "in_valid";
    .port_info 4 /INPUT 8 "label0";
    .port_info 5 /INPUT 8 "label1";
    .port_info 6 /INPUT 8 "label2";
    .port_info 7 /INPUT 8 "label3";
    .port_info 8 /OUTPUT 256 "out_vec";
    .port_info 9 /OUTPUT 1 "out_valid";
v0x61c94d3f8f80_0 .net "clk", 0 0, v0x61c94d4382f0_0;  1 drivers
v0x61c94d412a90_0 .var "d0", 31 0;
v0x61c94d412b60_0 .var "d1", 31 0;
v0x61c94d42dfe0_0 .var "d2", 31 0;
v0x61c94d42e0c0_0 .var "f0", 31 0;
v0x61c94d42e1f0_0 .var "f1", 31 0;
v0x61c94d42e2d0_0 .var "f2", 31 0;
v0x61c94d42e3b0_0 .var "f3", 31 0;
v0x61c94d42e490_0 .var "f4", 31 0;
v0x61c94d42e570_0 .var "f5", 31 0;
v0x61c94d42e650_0 .var "frac_dec", 31 0;
v0x61c94d42e730_0 .var "frac_part", 31 0;
v0x61c94d42e810_0 .net "in_valid", 0 0, v0x61c94d432970_0;  alias, 1 drivers
v0x61c94d42e8d0_0 .var "int_part", 31 0;
L_0x7b4bf81570a8 .functor BUFT 1, C4<01101100>, C4<0>, C4<0>, C4<0>;
v0x61c94d42e9b0_0 .net "label0", 7 0, L_0x7b4bf81570a8;  1 drivers
L_0x7b4bf81570f0 .functor BUFT 1, C4<01100001>, C4<0>, C4<0>, C4<0>;
v0x61c94d42ea90_0 .net "label1", 7 0, L_0x7b4bf81570f0;  1 drivers
L_0x7b4bf8157138 .functor BUFT 1, C4<01110100>, C4<0>, C4<0>, C4<0>;
v0x61c94d42eb70_0 .net "label2", 7 0, L_0x7b4bf8157138;  1 drivers
L_0x7b4bf8157180 .functor BUFT 1, C4<00111010>, C4<0>, C4<0>, C4<0>;
v0x61c94d42ec50_0 .net "label3", 7 0, L_0x7b4bf8157180;  1 drivers
v0x61c94d42ed30_0 .var "neg", 0 0;
v0x61c94d42edf0_0 .var "out_valid", 0 0;
v0x61c94d42eeb0_0 .var "out_vec", 255 0;
v0x61c94d42ef90_0 .net "q16_16", 31 0, v0x61c94d432100_0;  alias, 1 drivers
v0x61c94d42f070_0 .net "rst", 0 0, v0x61c94d439060_0;  1 drivers
v0x61c94d42f130_0 .var "val", 31 0;
E_0x61c94d3bed50 .event posedge, v0x61c94d42f070_0, v0x61c94d3f8f80_0;
S_0x61c94d3fbdc0 .scope task, "putc" "putc" 3 30, 3 30 0, S_0x61c94d3fb970;
 .timescale -9 -12;
v0x61c94d3f0b10_0 .var "ch", 7 0;
v0x61c94d4018c0_0 .var/i "pos", 31 0;
TD_tb_gps_connected.U_FMT_LAT.putc ;
    %load/vec4 v0x61c94d3f0b10_0;
    %pushi/vec4 32, 0, 32;
    %load/vec4 v0x61c94d4018c0_0;
    %sub;
    %muli 8, 0, 32;
    %subi 1, 0, 32;
    %pad/s 34;
    %subi 7, 0, 34;
    %ix/vec4/s 4;
    %store/vec4 v0x61c94d42eeb0_0, 4, 8;
    %end;
S_0x61c94d3fc210 .scope function.vec4.s8, "to_char" "to_char" 3 22, 3 22 0, S_0x61c94d3fb970;
 .timescale -9 -12;
v0x61c94d401990_0 .var "d", 31 0;
; Variable to_char is vec4 return value of scope S_0x61c94d3fc210
TD_tb_gps_connected.U_FMT_LAT.to_char ;
    %pushi/vec4 48, 0, 8; draw_string_vec4
    %load/vec4 v0x61c94d401990_0;
    %parti/s 4, 0, 2;
    %pad/u 8;
    %add;
    %ret/vec4 0, 0, 8;  Assign to to_char (store_vec4_to_lval)
    %end;
S_0x61c94d3fc660 .scope module, "U_FMT_LON" "formatter" 2 60, 3 3 0, S_0x61c94d3fb0d0;
 .timescale -9 -12;
    .port_info 0 /INPUT 1 "clk";
    .port_info 1 /INPUT 1 "rst";
    .port_info 2 /INPUT 32 "q16_16";
    .port_info 3 /INPUT 1 "in_valid";
    .port_info 4 /INPUT 8 "label0";
    .port_info 5 /INPUT 8 "label1";
    .port_info 6 /INPUT 8 "label2";
    .port_info 7 /INPUT 8 "label3";
    .port_info 8 /OUTPUT 256 "out_vec";
    .port_info 9 /OUTPUT 1 "out_valid";
v0x61c94d42f930_0 .net "clk", 0 0, v0x61c94d4382f0_0;  alias, 1 drivers
v0x61c94d42f9f0_0 .var "d0", 31 0;
v0x61c94d42fab0_0 .var "d1", 31 0;
v0x61c94d42fb70_0 .var "d2", 31 0;
v0x61c94d42fc50_0 .var "f0", 31 0;
v0x61c94d42fd80_0 .var "f1", 31 0;
v0x61c94d42fe60_0 .var "f2", 31 0;
v0x61c94d42ff40_0 .var "f3", 31 0;
v0x61c94d430020_0 .var "f4", 31 0;
v0x61c94d430100_0 .var "f5", 31 0;
v0x61c94d4301e0_0 .var "frac_dec", 31 0;
v0x61c94d4302c0_0 .var "frac_part", 31 0;
v0x61c94d4303a0_0 .net "in_valid", 0 0, v0x61c94d434a10_0;  alias, 1 drivers
v0x61c94d430460_0 .var "int_part", 31 0;
L_0x7b4bf81571c8 .functor BUFT 1, C4<01101100>, C4<0>, C4<0>, C4<0>;
v0x61c94d430540_0 .net "label0", 7 0, L_0x7b4bf81571c8;  1 drivers
L_0x7b4bf8157210 .functor BUFT 1, C4<01101111>, C4<0>, C4<0>, C4<0>;
v0x61c94d430620_0 .net "label1", 7 0, L_0x7b4bf8157210;  1 drivers
L_0x7b4bf8157258 .functor BUFT 1, C4<01101110>, C4<0>, C4<0>, C4<0>;
v0x61c94d430700_0 .net "label2", 7 0, L_0x7b4bf8157258;  1 drivers
L_0x7b4bf81572a0 .functor BUFT 1, C4<00111010>, C4<0>, C4<0>, C4<0>;
v0x61c94d4307e0_0 .net "label3", 7 0, L_0x7b4bf81572a0;  1 drivers
v0x61c94d4308c0_0 .var "neg", 0 0;
v0x61c94d430980_0 .var "out_valid", 0 0;
v0x61c94d430a40_0 .var "out_vec", 255 0;
v0x61c94d430b20_0 .net "q16_16", 31 0, v0x61c94d4341a0_0;  alias, 1 drivers
v0x61c94d430c00_0 .net "rst", 0 0, v0x61c94d439060_0;  alias, 1 drivers
v0x61c94d430ca0_0 .var "val", 31 0;
S_0x61c94d3fa3e0 .scope task, "putc" "putc" 3 30, 3 30 0, S_0x61c94d3fc660;
 .timescale -9 -12;
v0x61c94d42f520_0 .var "ch", 7 0;
v0x61c94d42f620_0 .var/i "pos", 31 0;
TD_tb_gps_connected.U_FMT_LON.putc ;
    %load/vec4 v0x61c94d42f520_0;
    %pushi/vec4 32, 0, 32;
    %load/vec4 v0x61c94d42f620_0;
    %sub;
    %muli 8, 0, 32;
    %subi 1, 0, 32;
    %pad/s 34;
    %subi 7, 0, 34;
    %ix/vec4/s 4;
    %store/vec4 v0x61c94d430a40_0, 4, 8;
    %end;
S_0x61c94d3fa830 .scope function.vec4.s8, "to_char" "to_char" 3 22, 3 22 0, S_0x61c94d3fc660;
 .timescale -9 -12;
v0x61c94d42f770_0 .var "d", 31 0;
; Variable to_char is vec4 return value of scope S_0x61c94d3fa830
TD_tb_gps_connected.U_FMT_LON.to_char ;
    %pushi/vec4 48, 0, 8; draw_string_vec4
    %load/vec4 v0x61c94d42f770_0;
    %parti/s 4, 0, 2;
    %pad/u 8;
    %add;
    %ret/vec4 0, 0, 8;  Assign to to_char (store_vec4_to_lval)
    %end;
S_0x61c94d3fac80 .scope module, "U_LAT" "ascii_to_fixed" 2 34, 4 3 0, S_0x61c94d3fb0d0;
 .timescale -9 -12;
    .port_info 0 /INPUT 1 "clk";
    .port_info 1 /INPUT 1 "rst";
    .port_info 2 /INPUT 1 "in_valid";
    .port_info 3 /INPUT 1 "is_lon";
    .port_info 4 /INPUT 128 "ascii_vec";
    .port_info 5 /INPUT 8 "length";
    .port_info 6 /INPUT 1 "sign";
    .port_info 7 /OUTPUT 32 "deg_q16_16";
    .port_info 8 /OUTPUT 1 "out_valid";
v0x61c94d4313f0_0 .net "ascii_vec", 127 0, v0x61c94d4356e0_0;  alias, 1 drivers
v0x61c94d4314f0_0 .net "b0", 7 0, L_0x61c94d439690;  1 drivers
v0x61c94d4315d0_0 .net "b1", 7 0, L_0x61c94d439730;  1 drivers
v0x61c94d431690_0 .net "b2", 7 0, L_0x61c94d4397d0;  1 drivers
v0x61c94d431770_0 .net "b3", 7 0, L_0x61c94d439870;  1 drivers
v0x61c94d4318a0_0 .net "b4", 7 0, L_0x61c94d439910;  1 drivers
v0x61c94d431980_0 .net "b5", 7 0, L_0x61c94d4399b0;  1 drivers
v0x61c94d431a60_0 .net "b6", 7 0, L_0x61c94d439ba0;  1 drivers
v0x61c94d431b40_0 .net "b7", 7 0, L_0x61c94d439c40;  1 drivers
v0x61c94d431c20_0 .net "b8", 7 0, L_0x61c94d439d30;  1 drivers
v0x61c94d431d00_0 .net "b9", 7 0, L_0x61c94d439dd0;  1 drivers
v0x61c94d431de0_0 .var "busy", 0 0;
v0x61c94d431ea0_0 .net "clk", 0 0, v0x61c94d4382f0_0;  alias, 1 drivers
v0x61c94d431f40_0 .var "dd", 31 0;
v0x61c94d432020_0 .var "dd_q16", 31 0;
v0x61c94d432100_0 .var "deg_q16_16", 31 0;
v0x61c94d4321c0_0 .var "frac", 31 0;
v0x61c94d432390_0 .net "in_valid", 0 0, v0x61c94d435610_0;  alias, 1 drivers
L_0x7b4bf8157018 .functor BUFT 1, C4<0>, C4<0>, C4<0>, C4<0>;
v0x61c94d432450_0 .net "is_lon", 0 0, L_0x7b4bf8157018;  1 drivers
v0x61c94d432510_0 .net "length", 7 0, v0x61c94d435490_0;  alias, 1 drivers
v0x61c94d4325f0_0 .var "mm_div60_q16", 31 0;
v0x61c94d4326d0_0 .var "mm_frac_q16", 31 0;
v0x61c94d4327b0_0 .var "mm_int", 31 0;
v0x61c94d432890_0 .var "mm_total_q16", 31 0;
v0x61c94d432970_0 .var "out_valid", 0 0;
v0x61c94d432a10_0 .var "q_deg", 31 0;
v0x61c94d432ad0_0 .net "rst", 0 0, v0x61c94d439060_0;  alias, 1 drivers
v0x61c94d432bc0_0 .net "sign", 0 0, v0x61c94d435cd0_0;  alias, 1 drivers
L_0x61c94d439690 .part v0x61c94d4356e0_0, 120, 8;
L_0x61c94d439730 .part v0x61c94d4356e0_0, 112, 8;
L_0x61c94d4397d0 .part v0x61c94d4356e0_0, 104, 8;
L_0x61c94d439870 .part v0x61c94d4356e0_0, 96, 8;
L_0x61c94d439910 .part v0x61c94d4356e0_0, 88, 8;
L_0x61c94d4399b0 .part v0x61c94d4356e0_0, 80, 8;
L_0x61c94d439ba0 .part v0x61c94d4356e0_0, 72, 8;
L_0x61c94d439c40 .part v0x61c94d4356e0_0, 64, 8;
L_0x61c94d439d30 .part v0x61c94d4356e0_0, 56, 8;
L_0x61c94d439dd0 .part v0x61c94d4356e0_0, 48, 8;
S_0x61c94d431030 .scope function.vec4.s8, "to_digit" "to_digit" 4 31, 4 31 0, S_0x61c94d3fac80;
 .timescale -9 -12;
v0x61c94d431210_0 .var "ch", 7 0;
; Variable to_digit is vec4 return value of scope S_0x61c94d431030
TD_tb_gps_connected.U_LAT.to_digit ;
    %pushi/vec4 48, 0, 8; draw_string_vec4
    %load/vec4 v0x61c94d431210_0;
    %cmp/u;
    %flag_or 5, 4;
    %flag_get/vec4 5;
    %jmp/0 T_4.2, 5;
    %load/vec4 v0x61c94d431210_0;
    %pushi/vec4 57, 0, 8; draw_string_vec4
    %cmp/u;
    %flag_get/vec4 4;
    %flag_get/vec4 5;
    %or;
    %and;
T_4.2;
    %flag_set/vec4 8;
    %jmp/0 T_4.0, 8;
    %load/vec4 v0x61c94d431210_0;
    %pushi/vec4 48, 0, 8; draw_string_vec4
    %sub;
    %jmp/1 T_4.1, 8;
T_4.0 ; End of true expr.
    %pushi/vec4 0, 0, 8;
    %jmp/0 T_4.1, 8;
 ; End of false expr.
    %blend;
T_4.1;
    %ret/vec4 0, 0, 8;  Assign to to_digit (store_vec4_to_lval)
    %end;
S_0x61c94d432df0 .scope module, "U_LON" "ascii_to_fixed" 2 42, 4 3 0, S_0x61c94d3fb0d0;
 .timescale -9 -12;
    .port_info 0 /INPUT 1 "clk";
    .port_info 1 /INPUT 1 "rst";
    .port_info 2 /INPUT 1 "in_valid";
    .port_info 3 /INPUT 1 "is_lon";
    .port_info 4 /INPUT 128 "ascii_vec";
    .port_info 5 /INPUT 8 "length";
    .port_info 6 /INPUT 1 "sign";
    .port_info 7 /OUTPUT 32 "deg_q16_16";
    .port_info 8 /OUTPUT 1 "out_valid";
v0x61c94d433490_0 .net "ascii_vec", 127 0, v0x61c94d435ad0_0;  alias, 1 drivers
v0x61c94d433590_0 .net "b0", 7 0, L_0x61c94d439f00;  1 drivers
v0x61c94d433670_0 .net "b1", 7 0, L_0x61c94d439fd0;  1 drivers
v0x61c94d433730_0 .net "b2", 7 0, L_0x61c94d43a0a0;  1 drivers
v0x61c94d433810_0 .net "b3", 7 0, L_0x61c94d43a170;  1 drivers
v0x61c94d433940_0 .net "b4", 7 0, L_0x61c94d43a270;  1 drivers
v0x61c94d433a20_0 .net "b5", 7 0, L_0x61c94d43a340;  1 drivers
v0x61c94d433b00_0 .net "b6", 7 0, L_0x61c94d43a560;  1 drivers
v0x61c94d433be0_0 .net "b7", 7 0, L_0x61c94d43a600;  1 drivers
v0x61c94d433cc0_0 .net "b8", 7 0, L_0x61c94d43a720;  1 drivers
v0x61c94d433da0_0 .net "b9", 7 0, L_0x61c94d43a7f0;  1 drivers
v0x61c94d433e80_0 .var "busy", 0 0;
v0x61c94d433f40_0 .net "clk", 0 0, v0x61c94d4382f0_0;  alias, 1 drivers
v0x61c94d433fe0_0 .var "dd", 31 0;
v0x61c94d4340c0_0 .var "dd_q16", 31 0;
v0x61c94d4341a0_0 .var "deg_q16_16", 31 0;
v0x61c94d434260_0 .var "frac", 31 0;
v0x61c94d434430_0 .net "in_valid", 0 0, v0x61c94d435a00_0;  alias, 1 drivers
L_0x7b4bf8157060 .functor BUFT 1, C4<1>, C4<0>, C4<0>, C4<0>;
v0x61c94d4344f0_0 .net "is_lon", 0 0, L_0x7b4bf8157060;  1 drivers
v0x61c94d4345b0_0 .net "length", 7 0, v0x61c94d435850_0;  alias, 1 drivers
v0x61c94d434690_0 .var "mm_div60_q16", 31 0;
v0x61c94d434770_0 .var "mm_frac_q16", 31 0;
v0x61c94d434850_0 .var "mm_int", 31 0;
v0x61c94d434930_0 .var "mm_total_q16", 31 0;
v0x61c94d434a10_0 .var "out_valid", 0 0;
v0x61c94d434ab0_0 .var "q_deg", 31 0;
v0x61c94d434b70_0 .net "rst", 0 0, v0x61c94d439060_0;  alias, 1 drivers
v0x61c94d434c10_0 .net "sign", 0 0, v0x61c94d435eb0_0;  alias, 1 drivers
L_0x61c94d439f00 .part v0x61c94d435ad0_0, 120, 8;
L_0x61c94d439fd0 .part v0x61c94d435ad0_0, 112, 8;
L_0x61c94d43a0a0 .part v0x61c94d435ad0_0, 104, 8;
L_0x61c94d43a170 .part v0x61c94d435ad0_0, 96, 8;
L_0x61c94d43a270 .part v0x61c94d435ad0_0, 88, 8;
L_0x61c94d43a340 .part v0x61c94d435ad0_0, 80, 8;
L_0x61c94d43a560 .part v0x61c94d435ad0_0, 72, 8;
L_0x61c94d43a600 .part v0x61c94d435ad0_0, 64, 8;
L_0x61c94d43a720 .part v0x61c94d435ad0_0, 56, 8;
L_0x61c94d43a7f0 .part v0x61c94d435ad0_0, 48, 8;
S_0x61c94d4330b0 .scope function.vec4.s8, "to_digit" "to_digit" 4 31, 4 31 0, S_0x61c94d432df0;
 .timescale -9 -12;
v0x61c94d4332b0_0 .var "ch", 7 0;
; Variable to_digit is vec4 return value of scope S_0x61c94d4330b0
TD_tb_gps_connected.U_LON.to_digit ;
    %pushi/vec4 48, 0, 8; draw_string_vec4
    %load/vec4 v0x61c94d4332b0_0;
    %cmp/u;
    %flag_or 5, 4;
    %flag_get/vec4 5;
    %jmp/0 T_5.5, 5;
    %load/vec4 v0x61c94d4332b0_0;
    %pushi/vec4 57, 0, 8; draw_string_vec4
    %cmp/u;
    %flag_get/vec4 4;
    %flag_get/vec4 5;
    %or;
    %and;
T_5.5;
    %flag_set/vec4 8;
    %jmp/0 T_5.3, 8;
    %load/vec4 v0x61c94d4332b0_0;
    %pushi/vec4 48, 0, 8; draw_string_vec4
    %sub;
    %jmp/1 T_5.4, 8;
T_5.3 ; End of true expr.
    %pushi/vec4 0, 0, 8;
    %jmp/0 T_5.4, 8;
 ; End of false expr.
    %blend;
T_5.4;
    %ret/vec4 0, 0, 8;  Assign to to_digit (store_vec4_to_lval)
    %end;
S_0x61c94d434df0 .scope module, "U_P" "nmea_parser" 2 22, 5 2 0, S_0x61c94d3fb0d0;
 .timescale -9 -12;
    .port_info 0 /INPUT 1 "clk";
    .port_info 1 /INPUT 1 "rst";
    .port_info 2 /INPUT 8 "in_char";
    .port_info 3 /INPUT 1 "in_valid";
    .port_info 4 /OUTPUT 1 "lat_ready";
    .port_info 5 /OUTPUT 1 "lon_ready";
    .port_info 6 /OUTPUT 1 "sign_lat";
    .port_info 7 /OUTPUT 1 "sign_lon";
    .port_info 8 /OUTPUT 8 "lat_len";
    .port_info 9 /OUTPUT 8 "lon_len";
    .port_info 10 /OUTPUT 128 "lat_vec";
    .port_info 11 /OUTPUT 128 "lon_vec";
v0x61c94d434fd0_0 .net "clk", 0 0, v0x61c94d4382f0_0;  alias, 1 drivers
v0x61c94d435090_0 .var "field_idx", 7 0;
v0x61c94d435170_0 .var/i "i", 31 0;
v0x61c94d435230_0 .net "in_char", 7 0, v0x61c94d436fe0_0;  alias, 1 drivers
v0x61c94d435310_0 .net "in_valid", 0 0, v0x61c94d437440_0;  alias, 1 drivers
v0x61c94d4353d0 .array "lat_buf", 15 0, 7 0;
v0x61c94d435490_0 .var "lat_len", 7 0;
v0x61c94d435550_0 .var "lat_ptr", 7 0;
v0x61c94d435610_0 .var "lat_ready", 0 0;
v0x61c94d4356e0_0 .var "lat_vec", 127 0;
v0x61c94d4357b0 .array "lon_buf", 15 0, 7 0;
v0x61c94d435850_0 .var "lon_len", 7 0;
v0x61c94d435940_0 .var "lon_ptr", 7 0;
v0x61c94d435a00_0 .var "lon_ready", 0 0;
v0x61c94d435ad0_0 .var "lon_vec", 127 0;
v0x61c94d435ba0_0 .net "rst", 0 0, v0x61c94d439060_0;  alias, 1 drivers
v0x61c94d435cd0_0 .var "sign_lat", 0 0;
v0x61c94d435eb0_0 .var "sign_lon", 0 0;
v0x61c94d435f80_0 .var "state", 2 0;
v0x61c94d436020_0 .var "tag_buf0", 7 0;
v0x61c94d4360e0_0 .var "tag_buf1", 7 0;
v0x61c94d4361c0_0 .var "tag_buf2", 7 0;
v0x61c94d4362a0_0 .var "tag_buf3", 7 0;
v0x61c94d436380_0 .var "tag_buf4", 7 0;
v0x61c94d436460_0 .var "tag_ok", 0 0;
v0x61c94d436520_0 .var "tag_ptr", 2 0;
S_0x61c94d436780 .scope module, "U_RX" "uart_rx" 2 12, 6 2 0, S_0x61c94d3fb0d0;
 .timescale -9 -12;
    .port_info 0 /INPUT 1 "clk";
    .port_info 1 /INPUT 1 "rst";
    .port_info 2 /INPUT 1 "rx";
    .port_info 3 /OUTPUT 8 "data";
    .port_info 4 /OUTPUT 1 "valid";
P_0x61c94d436910 .param/l "BAUD" 0 6 4, +C4<00000000000000000010010110000000>;
P_0x61c94d436950 .param/l "BAUD_DIV" 1 6 13, +C4<00000000000000000001010001011000>;
P_0x61c94d436990 .param/l "CLK_FREQ" 0 6 3, +C4<00000010111110101111000010000000>;
P_0x61c94d4369d0 .param/l "MID_SAMPLE" 1 6 14, +C4<00000000000000000000101000101100>;
v0x61c94d436c90_0 .var "bit_idx", 3 0;
v0x61c94d436d90_0 .var "busy", 0 0;
v0x61c94d436e50_0 .net "clk", 0 0, v0x61c94d4382f0_0;  alias, 1 drivers
v0x61c94d436f20_0 .var "cnt", 15 0;
v0x61c94d436fe0_0 .var "data", 7 0;
v0x61c94d4370a0_0 .net "rst", 0 0, v0x61c94d439060_0;  alias, 1 drivers
v0x61c94d437140_0 .net "rx", 0 0, v0x61c94d4395f0_0;  1 drivers
v0x61c94d4371e0_0 .var "rx_sync1", 0 0;
v0x61c94d4372a0_0 .var "rx_sync2", 0 0;
v0x61c94d437360_0 .var "shreg", 7 0;
v0x61c94d437440_0 .var "valid", 0 0;
E_0x61c94d3b70f0 .event posedge, v0x61c94d3f8f80_0;
S_0x61c94d4375c0 .scope task, "print_vec" "print_vec" 2 95, 2 95 0, S_0x61c94d3fb0d0;
 .timescale -9 -12;
v0x61c94d437750_0 .var "ch", 7 0;
v0x61c94d437850_0 .var/i "j", 31 0;
v0x61c94d437930_0 .var "v", 255 0;
TD_tb_gps_connected.print_vec ;
    %pushi/vec4 0, 0, 32;
    %store/vec4 v0x61c94d437850_0, 0, 32;
T_6.6 ;
    %load/vec4 v0x61c94d437850_0;
    %cmpi/s 32, 0, 32;
    %jmp/0xz T_6.7, 5;
    %load/vec4 v0x61c94d437930_0;
    %pushi/vec4 32, 0, 32;
    %load/vec4 v0x61c94d437850_0;
    %sub;
    %muli 8, 0, 32;
    %subi 1, 0, 32;
    %pad/s 34;
    %subi 7, 0, 34;
    %part/s 8;
    %store/vec4 v0x61c94d437750_0, 0, 8;
    %load/vec4 v0x61c94d437750_0;
    %pad/u 32;
    %cmpi/ne 0, 0, 32;
    %jmp/0xz  T_6.8, 4;
    %vpi_call 2 101 "$write", "%s", v0x61c94d437750_0 {0 0 0};
T_6.8 ;
    %load/vec4 v0x61c94d437850_0;
    %addi 1, 0, 32;
    %store/vec4 v0x61c94d437850_0, 0, 32;
    %jmp T_6.6;
T_6.7 ;
    %end;
S_0x61c94d4379f0 .scope task, "send_gprmc_example" "send_gprmc_example" 2 80, 2 80 0, S_0x61c94d3fb0d0;
 .timescale -9 -12;
v0x61c94d437bd0_0 .var "ch", 7 0;
v0x61c94d437cd0_0 .var/i "k", 31 0;
v0x61c94d437db0_0 .var "line", 1023 0;
TD_tb_gps_connected.send_gprmc_example ;
    %pushi/vec4 0, 0, 32; draw_string_vec4
    %pushi/vec4 0, 0, 32; draw_string_vec4
    %concat/vec4; draw_string_vec4
    %pushi/vec4 0, 0, 32; draw_string_vec4
    %concat/vec4; draw_string_vec4
    %pushi/vec4 0, 0, 32; draw_string_vec4
    %concat/vec4; draw_string_vec4
    %pushi/vec4 0, 0, 32; draw_string_vec4
    %concat/vec4; draw_string_vec4
    %pushi/vec4 0, 0, 32; draw_string_vec4
    %concat/vec4; draw_string_vec4
    %pushi/vec4 0, 0, 32; draw_string_vec4
    %concat/vec4; draw_string_vec4
    %pushi/vec4 0, 0, 32; draw_string_vec4
    %concat/vec4; draw_string_vec4
    %pushi/vec4 0, 0, 32; draw_string_vec4
    %concat/vec4; draw_string_vec4
    %pushi/vec4 0, 0, 32; draw_string_vec4
    %concat/vec4; draw_string_vec4
    %pushi/vec4 0, 0, 32; draw_string_vec4
    %concat/vec4; draw_string_vec4
    %pushi/vec4 0, 0, 32; draw_string_vec4
    %concat/vec4; draw_string_vec4
    %pushi/vec4 0, 0, 32; draw_string_vec4
    %concat/vec4; draw_string_vec4
    %pushi/vec4 0, 0, 32; draw_string_vec4
    %concat/vec4; draw_string_vec4
    %pushi/vec4 0, 0, 32; draw_string_vec4
    %concat/vec4; draw_string_vec4
    %pushi/vec4 0, 0, 32; draw_string_vec4
    %concat/vec4; draw_string_vec4
    %pushi/vec4 0, 0, 32; draw_string_vec4
    %concat/vec4; draw_string_vec4
    %pushi/vec4 608653394, 0, 32; draw_string_vec4
    %concat/vec4; draw_string_vec4
    %pushi/vec4 1296247857, 0, 32; draw_string_vec4
    %concat/vec4; draw_string_vec4
    %pushi/vec4 842216753, 0, 32; draw_string_vec4
    %concat/vec4; draw_string_vec4
    %pushi/vec4 959201580, 0, 32; draw_string_vec4
    %concat/vec4; draw_string_vec4
    %pushi/vec4 876097591, 0, 32; draw_string_vec4
    %concat/vec4; draw_string_vec4
    %pushi/vec4 774910776, 0, 32; draw_string_vec4
    %concat/vec4; draw_string_vec4
    %pushi/vec4 743320624, 0, 32; draw_string_vec4
    %concat/vec4; draw_string_vec4
    %pushi/vec4 825307953, 0, 32; draw_string_vec4
    %concat/vec4; draw_string_vec4
    %pushi/vec4 774910000, 0, 32; draw_string_vec4
    %concat/vec4; draw_string_vec4
    %pushi/vec4 742730800, 0, 32; draw_string_vec4
    %concat/vec4; draw_string_vec4
    %pushi/vec4 774908976, 0, 32; draw_string_vec4
    %concat/vec4; draw_string_vec4
    %pushi/vec4 774908978, 0, 32; draw_string_vec4
    %concat/vec4; draw_string_vec4
    %pushi/vec4 858796857, 0, 32; draw_string_vec4
    %concat/vec4; draw_string_vec4
    %pushi/vec4 875310122, 0, 32; draw_string_vec4
    %concat/vec4; draw_string_vec4
    %pushi/vec4 808481290, 0, 32; draw_string_vec4
    %concat/vec4; draw_string_vec4
    %store/vec4 v0x61c94d437db0_0, 0, 1024;
    %pushi/vec4 0, 0, 32;
    %store/vec4 v0x61c94d437cd0_0, 0, 32;
T_7.10 ;
    %load/vec4 v0x61c94d437cd0_0;
    %cmpi/s 128, 0, 32;
    %jmp/0xz T_7.11, 5;
    %load/vec4 v0x61c94d437db0_0;
    %pushi/vec4 1023, 0, 32;
    %load/vec4 v0x61c94d437cd0_0;
    %muli 8, 0, 32;
    %sub;
    %pad/s 34;
    %subi 7, 0, 34;
    %part/s 8;
    %store/vec4 v0x61c94d437bd0_0, 0, 8;
    %load/vec4 v0x61c94d437bd0_0;
    %pad/u 32;
    %cmpi/e 0, 0, 32;
    %jmp/0xz  T_7.12, 4;
    %disable S_0x61c94d4379f0;
T_7.12 ;
    %load/vec4 v0x61c94d437bd0_0;
    %store/vec4 v0x61c94d438110_0, 0, 8;
    %fork TD_tb_gps_connected.send_uart_byte, S_0x61c94d437ea0;
    %join;
    %load/vec4 v0x61c94d437cd0_0;
    %addi 1, 0, 32;
    %store/vec4 v0x61c94d437cd0_0, 0, 32;
    %jmp T_7.10;
T_7.11 ;
    %end;
S_0x61c94d437ea0 .scope task, "send_uart_byte" "send_uart_byte" 2 68, 2 68 0, S_0x61c94d3fb0d0;
 .timescale -9 -12;
v0x61c94d438110_0 .var "b", 7 0;
v0x61c94d438210_0 .var/i "i", 31 0;
TD_tb_gps_connected.send_uart_byte ;
    %pushi/vec4 0, 0, 1;
    %assign/vec4 v0x61c94d4395f0_0, 0;
    %delay 104166000, 0;
    %pushi/vec4 0, 0, 32;
    %store/vec4 v0x61c94d438210_0, 0, 32;
T_8.14 ;
    %load/vec4 v0x61c94d438210_0;
    %cmpi/s 8, 0, 32;
    %jmp/0xz T_8.15, 5;
    %load/vec4 v0x61c94d438110_0;
    %load/vec4 v0x61c94d438210_0;
    %part/s 1;
    %assign/vec4 v0x61c94d4395f0_0, 0;
    %delay 104166000, 0;
    %load/vec4 v0x61c94d438210_0;
    %addi 1, 0, 32;
    %store/vec4 v0x61c94d438210_0, 0, 32;
    %jmp T_8.14;
T_8.15 ;
    %pushi/vec4 1, 0, 1;
    %assign/vec4 v0x61c94d4395f0_0, 0;
    %delay 104166000, 0;
    %end;
    .scope S_0x61c94d436780;
T_9 ;
    %wait E_0x61c94d3b70f0;
    %load/vec4 v0x61c94d437140_0;
    %assign/vec4 v0x61c94d4371e0_0, 0;
    %load/vec4 v0x61c94d4371e0_0;
    %assign/vec4 v0x61c94d4372a0_0, 0;
    %jmp T_9;
    .thread T_9;
    .scope S_0x61c94d436780;
T_10 ;
    %wait E_0x61c94d3bed50;
    %load/vec4 v0x61c94d4370a0_0;
    %flag_set/vec4 8;
    %jmp/0xz  T_10.0, 8;
    %pushi/vec4 0, 0, 16;
    %assign/vec4 v0x61c94d436f20_0, 0;
    %pushi/vec4 0, 0, 4;
    %assign/vec4 v0x61c94d436c90_0, 0;
    %pushi/vec4 0, 0, 1;
    %assign/vec4 v0x61c94d436d90_0, 0;
    %pushi/vec4 0, 0, 8;
    %assign/vec4 v0x61c94d437360_0, 0;
    %pushi/vec4 0, 0, 8;
    %assign/vec4 v0x61c94d436fe0_0, 0;
    %pushi/vec4 0, 0, 1;
    %assign/vec4 v0x61c94d437440_0, 0;
    %jmp T_10.1;
T_10.0 ;
    %pushi/vec4 0, 0, 1;
    %assign/vec4 v0x61c94d437440_0, 0;
    %load/vec4 v0x61c94d436d90_0;
    %nor/r;
    %flag_set/vec4 8;
    %jmp/0xz  T_10.2, 8;
    %load/vec4 v0x61c94d4372a0_0;
    %cmpi/e 0, 0, 1;
    %jmp/0xz  T_10.4, 4;
    %pushi/vec4 1, 0, 1;
    %assign/vec4 v0x61c94d436d90_0, 0;
    %pushi/vec4 2604, 0, 16;
    %assign/vec4 v0x61c94d436f20_0, 0;
    %pushi/vec4 0, 0, 4;
    %assign/vec4 v0x61c94d436c90_0, 0;
T_10.4 ;
    %jmp T_10.3;
T_10.2 ;
    %load/vec4 v0x61c94d436f20_0;
    %pad/u 32;
    %cmpi/e 5207, 0, 32;
    %jmp/0xz  T_10.6, 4;
    %pushi/vec4 0, 0, 16;
    %assign/vec4 v0x61c94d436f20_0, 0;
    %load/vec4 v0x61c94d436c90_0;
    %pad/u 32;
    %cmpi/e 0, 0, 32;
    %jmp/0xz  T_10.8, 4;
    %load/vec4 v0x61c94d4372a0_0;
    %cmpi/ne 0, 0, 1;
    %jmp/0xz  T_10.10, 4;
    %pushi/vec4 0, 0, 1;
    %assign/vec4 v0x61c94d436d90_0, 0;
T_10.10 ;
    %load/vec4 v0x61c94d436c90_0;
    %addi 1, 0, 4;
    %assign/vec4 v0x61c94d436c90_0, 0;
    %jmp T_10.9;
T_10.8 ;
    %load/vec4 v0x61c94d436c90_0;
    %pad/u 32;
    %cmpi/u 1, 0, 32;
    %flag_inv 5; GE is !LT
    %flag_get/vec4 5;
    %jmp/0 T_10.14, 5;
    %load/vec4 v0x61c94d436c90_0;
    %pad/u 32;
    %cmpi/u 8, 0, 32;
    %flag_get/vec4 4;
    %flag_get/vec4 5;
    %or;
    %and;
T_10.14;
    %flag_set/vec4 8;
    %jmp/0xz  T_10.12, 8;
    %load/vec4 v0x61c94d4372a0_0;
    %load/vec4 v0x61c94d437360_0;
    %parti/s 7, 1, 2;
    %concat/vec4; draw_concat_vec4
    %assign/vec4 v0x61c94d437360_0, 0;
    %load/vec4 v0x61c94d436c90_0;
    %addi 1, 0, 4;
    %assign/vec4 v0x61c94d436c90_0, 0;
    %jmp T_10.13;
T_10.12 ;
    %load/vec4 v0x61c94d436c90_0;
    %pad/u 32;
    %cmpi/e 9, 0, 32;
    %jmp/0xz  T_10.15, 4;
    %load/vec4 v0x61c94d437360_0;
    %assign/vec4 v0x61c94d436fe0_0, 0;
    %pushi/vec4 1, 0, 1;
    %assign/vec4 v0x61c94d437440_0, 0;
    %pushi/vec4 0, 0, 1;
    %assign/vec4 v0x61c94d436d90_0, 0;
T_10.15 ;
T_10.13 ;
T_10.9 ;
    %jmp T_10.7;
T_10.6 ;
    %load/vec4 v0x61c94d436f20_0;
    %addi 1, 0, 16;
    %assign/vec4 v0x61c94d436f20_0, 0;
T_10.7 ;
T_10.3 ;
T_10.1 ;
    %jmp T_10;
    .thread T_10;
    .scope S_0x61c94d434df0;
T_11 ;
    %pushi/vec4 0, 0, 128;
    %store/vec4 v0x61c94d4356e0_0, 0, 128;
    %pushi/vec4 0, 0, 128;
    %store/vec4 v0x61c94d435ad0_0, 0, 128;
    %end;
    .thread T_11;
    .scope S_0x61c94d434df0;
T_12 ;
    %wait E_0x61c94d3bed50;
    %load/vec4 v0x61c94d435ba0_0;
    %flag_set/vec4 8;
    %jmp/0xz  T_12.0, 8;
    %pushi/vec4 0, 0, 3;
    %assign/vec4 v0x61c94d435f80_0, 0;
    %pushi/vec4 0, 0, 8;
    %assign/vec4 v0x61c94d435090_0, 0;
    %pushi/vec4 0, 0, 8;
    %assign/vec4 v0x61c94d435550_0, 0;
    %pushi/vec4 0, 0, 8;
    %assign/vec4 v0x61c94d435940_0, 0;
    %pushi/vec4 0, 0, 1;
    %assign/vec4 v0x61c94d435610_0, 0;
    %pushi/vec4 0, 0, 1;
    %assign/vec4 v0x61c94d435a00_0, 0;
    %pushi/vec4 0, 0, 1;
    %assign/vec4 v0x61c94d435cd0_0, 0;
    %pushi/vec4 0, 0, 1;
    %assign/vec4 v0x61c94d435eb0_0, 0;
    %pushi/vec4 0, 0, 8;
    %assign/vec4 v0x61c94d435490_0, 0;
    %pushi/vec4 0, 0, 8;
    %assign/vec4 v0x61c94d435850_0, 0;
    %pushi/vec4 0, 0, 3;
    %assign/vec4 v0x61c94d436520_0, 0;
    %pushi/vec4 0, 0, 1;
    %assign/vec4 v0x61c94d436460_0, 0;
    %pushi/vec4 0, 0, 32;
    %store/vec4 v0x61c94d435170_0, 0, 32;
T_12.2 ;
    %load/vec4 v0x61c94d435170_0;
    %cmpi/s 16, 0, 32;
    %jmp/0xz T_12.3, 5;
    %pushi/vec4 0, 0, 8;
    %ix/getv/s 3, v0x61c94d435170_0;
    %ix/load 4, 0, 0; Constant delay
    %assign/vec4/a/d v0x61c94d4353d0, 0, 4;
    %pushi/vec4 0, 0, 8;
    %ix/getv/s 3, v0x61c94d435170_0;
    %ix/load 4, 0, 0; Constant delay
    %assign/vec4/a/d v0x61c94d4357b0, 0, 4;
    %load/vec4 v0x61c94d435170_0;
    %addi 1, 0, 32;
    %store/vec4 v0x61c94d435170_0, 0, 32;
    %jmp T_12.2;
T_12.3 ;
    %pushi/vec4 0, 0, 128;
    %assign/vec4 v0x61c94d4356e0_0, 0;
    %pushi/vec4 0, 0, 128;
    %assign/vec4 v0x61c94d435ad0_0, 0;
    %jmp T_12.1;
T_12.0 ;
    %pushi/vec4 0, 0, 1;
    %assign/vec4 v0x61c94d435610_0, 0;
    %pushi/vec4 0, 0, 1;
    %assign/vec4 v0x61c94d435a00_0, 0;
    %load/vec4 v0x61c94d435310_0;
    %flag_set/vec4 8;
    %jmp/0xz  T_12.4, 8;
    %load/vec4 v0x61c94d435230_0;
    %cmpi/e 36, 0, 8;
    %jmp/0xz  T_12.6, 4;
    %pushi/vec4 1, 0, 3;
    %assign/vec4 v0x61c94d435f80_0, 0;
    %pushi/vec4 0, 0, 8;
    %assign/vec4 v0x61c94d435090_0, 0;
    %pushi/vec4 0, 0, 3;
    %assign/vec4 v0x61c94d436520_0, 0;
    %pushi/vec4 0, 0, 1;
    %assign/vec4 v0x61c94d436460_0, 0;
    %pushi/vec4 0, 0, 8;
    %assign/vec4 v0x61c94d435550_0, 0;
    %pushi/vec4 0, 0, 8;
    %assign/vec4 v0x61c94d435940_0, 0;
    %pushi/vec4 0, 0, 8;
    %assign/vec4 v0x61c94d435490_0, 0;
    %pushi/vec4 0, 0, 8;
    %assign/vec4 v0x61c94d435850_0, 0;
    %jmp T_12.7;
T_12.6 ;
    %load/vec4 v0x61c94d435f80_0;
    %dup/vec4;
    %pushi/vec4 1, 0, 3;
    %cmp/u;
    %jmp/1 T_12.8, 6;
    %dup/vec4;
    %pushi/vec4 2, 0, 3;
    %cmp/u;
    %jmp/1 T_12.9, 6;
    %dup/vec4;
    %pushi/vec4 3, 0, 3;
    %cmp/u;
    %jmp/1 T_12.10, 6;
    %dup/vec4;
    %pushi/vec4 4, 0, 3;
    %cmp/u;
    %jmp/1 T_12.11, 6;
    %dup/vec4;
    %pushi/vec4 5, 0, 3;
    %cmp/u;
    %jmp/1 T_12.12, 6;
    %dup/vec4;
    %pushi/vec4 6, 0, 3;
    %cmp/u;
    %jmp/1 T_12.13, 6;
    %jmp T_12.15;
T_12.8 ;
    %load/vec4 v0x61c94d435230_0;
    %cmpi/e 44, 0, 8;
    %jmp/0xz  T_12.16, 4;
    %load/vec4 v0x61c94d436520_0;
    %pad/u 32;
    %cmpi/e 5, 0, 32;
    %flag_get/vec4 4;
    %jmp/0 T_12.22, 4;
    %load/vec4 v0x61c94d436020_0;
    %pushi/vec4 71, 0, 8; draw_string_vec4
    %cmp/e;
    %flag_get/vec4 4;
    %and;
T_12.22;
    %flag_set/vec4 11;
    %flag_get/vec4 11;
    %jmp/0 T_12.21, 11;
    %load/vec4 v0x61c94d4360e0_0;
    %pushi/vec4 80, 0, 8; draw_string_vec4
    %cmp/e;
    %flag_get/vec4 4;
    %and;
T_12.21;
    %flag_set/vec4 10;
    %flag_get/vec4 10;
    %jmp/0 T_12.20, 10;
    %load/vec4 v0x61c94d4361c0_0;
    %pushi/vec4 82, 0, 8; draw_string_vec4
    %cmp/e;
    %flag_get/vec4 4;
    %and;
T_12.20;
    %flag_set/vec4 9;
    %flag_get/vec4 9;
    %jmp/0 T_12.19, 9;
    %load/vec4 v0x61c94d4362a0_0;
    %pushi/vec4 77, 0, 8; draw_string_vec4
    %cmp/e;
    %flag_get/vec4 4;
    %and;
T_12.19;
    %flag_set/vec4 8;
    %flag_get/vec4 8;
    %jmp/0 T_12.18, 8;
    %load/vec4 v0x61c94d436380_0;
    %pushi/vec4 67, 0, 8; draw_string_vec4
    %cmp/e;
    %flag_get/vec4 4;
    %and;
T_12.18;
    %assign/vec4 v0x61c94d436460_0, 0;
    %pushi/vec4 2, 0, 3;
    %assign/vec4 v0x61c94d435f80_0, 0;
    %pushi/vec4 1, 0, 8;
    %assign/vec4 v0x61c94d435090_0, 0;
    %jmp T_12.17;
T_12.16 ;
    %load/vec4 v0x61c94d436520_0;
    %pad/u 32;
    %cmpi/e 0, 0, 32;
    %jmp/0xz  T_12.23, 4;
    %load/vec4 v0x61c94d435230_0;
    %assign/vec4 v0x61c94d436020_0, 0;
    %jmp T_12.24;
T_12.23 ;
    %load/vec4 v0x61c94d436520_0;
    %pad/u 32;
    %cmpi/e 1, 0, 32;
    %jmp/0xz  T_12.25, 4;
    %load/vec4 v0x61c94d435230_0;
    %assign/vec4 v0x61c94d4360e0_0, 0;
    %jmp T_12.26;
T_12.25 ;
    %load/vec4 v0x61c94d436520_0;
    %pad/u 32;
    %cmpi/e 2, 0, 32;
    %jmp/0xz  T_12.27, 4;
    %load/vec4 v0x61c94d435230_0;
    %assign/vec4 v0x61c94d4361c0_0, 0;
    %jmp T_12.28;
T_12.27 ;
    %load/vec4 v0x61c94d436520_0;
    %pad/u 32;
    %cmpi/e 3, 0, 32;
    %jmp/0xz  T_12.29, 4;
    %load/vec4 v0x61c94d435230_0;
    %assign/vec4 v0x61c94d4362a0_0, 0;
    %jmp T_12.30;
T_12.29 ;
    %load/vec4 v0x61c94d436520_0;
    %pad/u 32;
    %cmpi/e 4, 0, 32;
    %jmp/0xz  T_12.31, 4;
    %load/vec4 v0x61c94d435230_0;
    %assign/vec4 v0x61c94d436380_0, 0;
T_12.31 ;
T_12.30 ;
T_12.28 ;
T_12.26 ;
T_12.24 ;
    %load/vec4 v0x61c94d436520_0;
    %pad/u 32;
    %cmpi/u 5, 0, 32;
    %flag_mov 8, 5;
    %jmp/0 T_12.33, 8;
    %load/vec4 v0x61c94d436520_0;
    %addi 1, 0, 3;
    %jmp/1 T_12.34, 8;
T_12.33 ; End of true expr.
    %load/vec4 v0x61c94d436520_0;
    %jmp/0 T_12.34, 8;
 ; End of false expr.
    %blend;
T_12.34;
    %assign/vec4 v0x61c94d436520_0, 0;
T_12.17 ;
    %jmp T_12.15;
T_12.9 ;
    %load/vec4 v0x61c94d435230_0;
    %cmpi/e 44, 0, 8;
    %jmp/0xz  T_12.35, 4;
    %load/vec4 v0x61c94d435090_0;
    %addi 1, 0, 8;
    %assign/vec4 v0x61c94d435090_0, 0;
    %load/vec4 v0x61c94d436460_0;
    %flag_set/vec4 9;
    %flag_get/vec4 9;
    %jmp/0 T_12.39, 9;
    %load/vec4 v0x61c94d435090_0;
    %pad/u 32;
    %pushi/vec4 2, 0, 32;
    %cmp/e;
    %flag_get/vec4 4;
    %and;
T_12.39;
    %flag_set/vec4 8;
    %jmp/0xz  T_12.37, 8;
    %pushi/vec4 3, 0, 3;
    %assign/vec4 v0x61c94d435f80_0, 0;
    %pushi/vec4 0, 0, 8;
    %assign/vec4 v0x61c94d435550_0, 0;
T_12.37 ;
T_12.35 ;
    %jmp T_12.15;
T_12.10 ;
    %load/vec4 v0x61c94d435230_0;
    %cmpi/e 44, 0, 8;
    %jmp/0xz  T_12.40, 4;
    %load/vec4 v0x61c94d435550_0;
    %assign/vec4 v0x61c94d435490_0, 0;
    %pushi/vec4 4, 0, 3;
    %assign/vec4 v0x61c94d435f80_0, 0;
    %jmp T_12.41;
T_12.40 ;
    %load/vec4 v0x61c94d435550_0;
    %pad/u 32;
    %cmpi/u 16, 0, 32;
    %jmp/0xz  T_12.42, 5;
    %load/vec4 v0x61c94d435230_0;
    %ix/getv 3, v0x61c94d435550_0;
    %ix/load 4, 0, 0; Constant delay
    %assign/vec4/a/d v0x61c94d4353d0, 0, 4;
    %load/vec4 v0x61c94d435550_0;
    %addi 1, 0, 8;
    %assign/vec4 v0x61c94d435550_0, 0;
T_12.42 ;
T_12.41 ;
    %jmp T_12.15;
T_12.11 ;
    %load/vec4 v0x61c94d435230_0;
    %pushi/vec4 83, 0, 8; draw_string_vec4
    %cmp/e;
    %jmp/0xz  T_12.44, 4;
    %pushi/vec4 1, 0, 1;
    %assign/vec4 v0x61c94d435cd0_0, 0;
    %jmp T_12.45;
T_12.44 ;
    %load/vec4 v0x61c94d435230_0;
    %pushi/vec4 78, 0, 8; draw_string_vec4
    %cmp/e;
    %jmp/0xz  T_12.46, 4;
    %pushi/vec4 0, 0, 1;
    %assign/vec4 v0x61c94d435cd0_0, 0;
T_12.46 ;
T_12.45 ;
    %load/vec4 v0x61c94d435230_0;
    %cmpi/e 44, 0, 8;
    %jmp/0xz  T_12.48, 4;
    %pushi/vec4 5, 0, 3;
    %assign/vec4 v0x61c94d435f80_0, 0;
    %pushi/vec4 0, 0, 8;
    %assign/vec4 v0x61c94d435940_0, 0;
T_12.48 ;
    %jmp T_12.15;
T_12.12 ;
    %load/vec4 v0x61c94d435230_0;
    %cmpi/e 44, 0, 8;
    %jmp/0xz  T_12.50, 4;
    %load/vec4 v0x61c94d435940_0;
    %assign/vec4 v0x61c94d435850_0, 0;
    %pushi/vec4 6, 0, 3;
    %assign/vec4 v0x61c94d435f80_0, 0;
    %jmp T_12.51;
T_12.50 ;
    %load/vec4 v0x61c94d435940_0;
    %pad/u 32;
    %cmpi/u 16, 0, 32;
    %jmp/0xz  T_12.52, 5;
    %load/vec4 v0x61c94d435230_0;
    %ix/getv 3, v0x61c94d435940_0;
    %ix/load 4, 0, 0; Constant delay
    %assign/vec4/a/d v0x61c94d4357b0, 0, 4;
    %load/vec4 v0x61c94d435940_0;
    %addi 1, 0, 8;
    %assign/vec4 v0x61c94d435940_0, 0;
T_12.52 ;
T_12.51 ;
    %jmp T_12.15;
T_12.13 ;
    %load/vec4 v0x61c94d435230_0;
    %pushi/vec4 87, 0, 8; draw_string_vec4
    %cmp/e;
    %jmp/0xz  T_12.54, 4;
    %pushi/vec4 1, 0, 1;
    %assign/vec4 v0x61c94d435eb0_0, 0;
    %jmp T_12.55;
T_12.54 ;
    %load/vec4 v0x61c94d435230_0;
    %pushi/vec4 69, 0, 8; draw_string_vec4
    %cmp/e;
    %jmp/0xz  T_12.56, 4;
    %pushi/vec4 0, 0, 1;
    %assign/vec4 v0x61c94d435eb0_0, 0;
T_12.56 ;
T_12.55 ;
    %ix/load 4, 15, 0;
    %flag_set/imm 4, 0;
    %load/vec4a v0x61c94d4353d0, 4;
    %ix/load 4, 14, 0;
    %flag_set/imm 4, 0;
    %load/vec4a v0x61c94d4353d0, 4;
    %concat/vec4; draw_concat_vec4
    %ix/load 4, 13, 0;
    %flag_set/imm 4, 0;
    %load/vec4a v0x61c94d4353d0, 4;
    %concat/vec4; draw_concat_vec4
    %ix/load 4, 12, 0;
    %flag_set/imm 4, 0;
    %load/vec4a v0x61c94d4353d0, 4;
    %concat/vec4; draw_concat_vec4
    %ix/load 4, 11, 0;
    %flag_set/imm 4, 0;
    %load/vec4a v0x61c94d4353d0, 4;
    %concat/vec4; draw_concat_vec4
    %ix/load 4, 10, 0;
    %flag_set/imm 4, 0;
    %load/vec4a v0x61c94d4353d0, 4;
    %concat/vec4; draw_concat_vec4
    %ix/load 4, 9, 0;
    %flag_set/imm 4, 0;
    %load/vec4a v0x61c94d4353d0, 4;
    %concat/vec4; draw_concat_vec4
    %ix/load 4, 8, 0;
    %flag_set/imm 4, 0;
    %load/vec4a v0x61c94d4353d0, 4;
    %concat/vec4; draw_concat_vec4
    %ix/load 4, 7, 0;
    %flag_set/imm 4, 0;
    %load/vec4a v0x61c94d4353d0, 4;
    %concat/vec4; draw_concat_vec4
    %ix/load 4, 6, 0;
    %flag_set/imm 4, 0;
    %load/vec4a v0x61c94d4353d0, 4;
    %concat/vec4; draw_concat_vec4
    %ix/load 4, 5, 0;
    %flag_set/imm 4, 0;
    %load/vec4a v0x61c94d4353d0, 4;
    %concat/vec4; draw_concat_vec4
    %ix/load 4, 4, 0;
    %flag_set/imm 4, 0;
    %load/vec4a v0x61c94d4353d0, 4;
    %concat/vec4; draw_concat_vec4
    %ix/load 4, 3, 0;
    %flag_set/imm 4, 0;
    %load/vec4a v0x61c94d4353d0, 4;
    %concat/vec4; draw_concat_vec4
    %ix/load 4, 2, 0;
    %flag_set/imm 4, 0;
    %load/vec4a v0x61c94d4353d0, 4;
    %concat/vec4; draw_concat_vec4
    %ix/load 4, 1, 0;
    %flag_set/imm 4, 0;
    %load/vec4a v0x61c94d4353d0, 4;
    %concat/vec4; draw_concat_vec4
    %ix/load 4, 0, 0;
    %flag_set/imm 4, 0;
    %load/vec4a v0x61c94d4353d0, 4;
    %concat/vec4; draw_concat_vec4
    %assign/vec4 v0x61c94d4356e0_0, 0;
    %ix/load 4, 15, 0;
    %flag_set/imm 4, 0;
    %load/vec4a v0x61c94d4357b0, 4;
    %ix/load 4, 14, 0;
    %flag_set/imm 4, 0;
    %load/vec4a v0x61c94d4357b0, 4;
    %concat/vec4; draw_concat_vec4
    %ix/load 4, 13, 0;
    %flag_set/imm 4, 0;
    %load/vec4a v0x61c94d4357b0, 4;
    %concat/vec4; draw_concat_vec4
    %ix/load 4, 12, 0;
    %flag_set/imm 4, 0;
    %load/vec4a v0x61c94d4357b0, 4;
    %concat/vec4; draw_concat_vec4
    %ix/load 4, 11, 0;
    %flag_set/imm 4, 0;
    %load/vec4a v0x61c94d4357b0, 4;
    %concat/vec4; draw_concat_vec4
    %ix/load 4, 10, 0;
    %flag_set/imm 4, 0;
    %load/vec4a v0x61c94d4357b0, 4;
    %concat/vec4; draw_concat_vec4
    %ix/load 4, 9, 0;
    %flag_set/imm 4, 0;
    %load/vec4a v0x61c94d4357b0, 4;
    %concat/vec4; draw_concat_vec4
    %ix/load 4, 8, 0;
    %flag_set/imm 4, 0;
    %load/vec4a v0x61c94d4357b0, 4;
    %concat/vec4; draw_concat_vec4
    %ix/load 4, 7, 0;
    %flag_set/imm 4, 0;
    %load/vec4a v0x61c94d4357b0, 4;
    %concat/vec4; draw_concat_vec4
    %ix/load 4, 6, 0;
    %flag_set/imm 4, 0;
    %load/vec4a v0x61c94d4357b0, 4;
    %concat/vec4; draw_concat_vec4
    %ix/load 4, 5, 0;
    %flag_set/imm 4, 0;
    %load/vec4a v0x61c94d4357b0, 4;
    %concat/vec4; draw_concat_vec4
    %ix/load 4, 4, 0;
    %flag_set/imm 4, 0;
    %load/vec4a v0x61c94d4357b0, 4;
    %concat/vec4; draw_concat_vec4
    %ix/load 4, 3, 0;
    %flag_set/imm 4, 0;
    %load/vec4a v0x61c94d4357b0, 4;
    %concat/vec4; draw_concat_vec4
    %ix/load 4, 2, 0;
    %flag_set/imm 4, 0;
    %load/vec4a v0x61c94d4357b0, 4;
    %concat/vec4; draw_concat_vec4
    %ix/load 4, 1, 0;
    %flag_set/imm 4, 0;
    %load/vec4a v0x61c94d4357b0, 4;
    %concat/vec4; draw_concat_vec4
    %ix/load 4, 0, 0;
    %flag_set/imm 4, 0;
    %load/vec4a v0x61c94d4357b0, 4;
    %concat/vec4; draw_concat_vec4
    %assign/vec4 v0x61c94d435ad0_0, 0;
    %pushi/vec4 1, 0, 1;
    %assign/vec4 v0x61c94d435610_0, 0;
    %pushi/vec4 1, 0, 1;
    %assign/vec4 v0x61c94d435a00_0, 0;
    %pushi/vec4 7, 0, 3;
    %assign/vec4 v0x61c94d435f80_0, 0;
    %jmp T_12.15;
T_12.15 ;
    %pop/vec4 1;
T_12.7 ;
T_12.4 ;
T_12.1 ;
    %jmp T_12;
    .thread T_12;
    .scope S_0x61c94d3fac80;
T_13 ;
    %wait E_0x61c94d3bed50;
    %load/vec4 v0x61c94d432ad0_0;
    %flag_set/vec4 8;
    %jmp/0xz  T_13.0, 8;
    %pushi/vec4 0, 0, 32;
    %assign/vec4 v0x61c94d432100_0, 0;
    %pushi/vec4 0, 0, 1;
    %assign/vec4 v0x61c94d432970_0, 0;
    %pushi/vec4 0, 0, 1;
    %assign/vec4 v0x61c94d431de0_0, 0;
    %pushi/vec4 0, 0, 32;
    %assign/vec4 v0x61c94d431f40_0, 0;
    %pushi/vec4 0, 0, 32;
    %assign/vec4 v0x61c94d4327b0_0, 0;
    %pushi/vec4 0, 0, 32;
    %assign/vec4 v0x61c94d4321c0_0, 0;
    %pushi/vec4 0, 0, 32;
    %assign/vec4 v0x61c94d4326d0_0, 0;
    %pushi/vec4 0, 0, 32;
    %assign/vec4 v0x61c94d432890_0, 0;
    %pushi/vec4 0, 0, 32;
    %assign/vec4 v0x61c94d4325f0_0, 0;
    %pushi/vec4 0, 0, 32;
    %assign/vec4 v0x61c94d432020_0, 0;
    %pushi/vec4 0, 0, 32;
    %assign/vec4 v0x61c94d432a10_0, 0;
    %jmp T_13.1;
T_13.0 ;
    %pushi/vec4 0, 0, 1;
    %assign/vec4 v0x61c94d432970_0, 0;
    %load/vec4 v0x61c94d432390_0;
    %flag_set/vec4 9;
    %flag_get/vec4 9;
    %jmp/0 T_13.4, 9;
    %load/vec4 v0x61c94d431de0_0;
    %nor/r;
    %and;
T_13.4;
    %flag_set/vec4 8;
    %jmp/0xz  T_13.2, 8;
    %pushi/vec4 1, 0, 1;
    %assign/vec4 v0x61c94d431de0_0, 0;
    %load/vec4 v0x61c94d432450_0;
    %nor/r;
    %flag_set/vec4 8;
    %jmp/0xz  T_13.5, 8;
    %load/vec4 v0x61c94d4314f0_0;
    %store/vec4 v0x61c94d431210_0, 0, 8;
    %callf/vec4 TD_tb_gps_connected.U_LAT.to_digit, S_0x61c94d431030;
    %pad/u 32;
    %muli 10, 0, 32;
    %load/vec4 v0x61c94d4315d0_0;
    %store/vec4 v0x61c94d431210_0, 0, 8;
    %callf/vec4 TD_tb_gps_connected.U_LAT.to_digit, S_0x61c94d431030;
    %pad/u 32;
    %add;
    %assign/vec4 v0x61c94d431f40_0, 0;
    %load/vec4 v0x61c94d431690_0;
    %store/vec4 v0x61c94d431210_0, 0, 8;
    %callf/vec4 TD_tb_gps_connected.U_LAT.to_digit, S_0x61c94d431030;
    %pad/u 32;
    %muli 10, 0, 32;
    %load/vec4 v0x61c94d431770_0;
    %store/vec4 v0x61c94d431210_0, 0, 8;
    %callf/vec4 TD_tb_gps_connected.U_LAT.to_digit, S_0x61c94d431030;
    %pad/u 32;
    %add;
    %assign/vec4 v0x61c94d4327b0_0, 0;
    %load/vec4 v0x61c94d431980_0;
    %store/vec4 v0x61c94d431210_0, 0, 8;
    %callf/vec4 TD_tb_gps_connected.U_LAT.to_digit, S_0x61c94d431030;
    %pad/u 32;
    %muli 1000, 0, 32;
    %load/vec4 v0x61c94d431a60_0;
    %store/vec4 v0x61c94d431210_0, 0, 8;
    %callf/vec4 TD_tb_gps_connected.U_LAT.to_digit, S_0x61c94d431030;
    %pad/u 32;
    %muli 100, 0, 32;
    %add;
    %load/vec4 v0x61c94d431b40_0;
    %store/vec4 v0x61c94d431210_0, 0, 8;
    %callf/vec4 TD_tb_gps_connected.U_LAT.to_digit, S_0x61c94d431030;
    %pad/u 32;
    %muli 10, 0, 32;
    %add;
    %load/vec4 v0x61c94d431c20_0;
    %store/vec4 v0x61c94d431210_0, 0, 8;
    %callf/vec4 TD_tb_gps_connected.U_LAT.to_digit, S_0x61c94d431030;
    %pad/u 32;
    %add;
    %assign/vec4 v0x61c94d4321c0_0, 0;
    %jmp T_13.6;
T_13.5 ;
    %load/vec4 v0x61c94d4314f0_0;
    %store/vec4 v0x61c94d431210_0, 0, 8;
    %callf/vec4 TD_tb_gps_connected.U_LAT.to_digit, S_0x61c94d431030;
    %pad/u 32;
    %muli 100, 0, 32;
    %load/vec4 v0x61c94d4315d0_0;
    %store/vec4 v0x61c94d431210_0, 0, 8;
    %callf/vec4 TD_tb_gps_connected.U_LAT.to_digit, S_0x61c94d431030;
    %pad/u 32;
    %muli 10, 0, 32;
    %add;
    %load/vec4 v0x61c94d431690_0;
    %store/vec4 v0x61c94d431210_0, 0, 8;
    %callf/vec4 TD_tb_gps_connected.U_LAT.to_digit, S_0x61c94d431030;
    %pad/u 32;
    %add;
    %assign/vec4 v0x61c94d431f40_0, 0;
    %load/vec4 v0x61c94d431770_0;
    %store/vec4 v0x61c94d431210_0, 0, 8;
    %callf/vec4 TD_tb_gps_connected.U_LAT.to_digit, S_0x61c94d431030;
    %pad/u 32;
    %muli 10, 0, 32;
    %load/vec4 v0x61c94d4318a0_0;
    %store/vec4 v0x61c94d431210_0, 0, 8;
    %callf/vec4 TD_tb_gps_connected.U_LAT.to_digit, S_0x61c94d431030;
    %pad/u 32;
    %add;
    %assign/vec4 v0x61c94d4327b0_0, 0;
    %load/vec4 v0x61c94d431a60_0;
    %store/vec4 v0x61c94d431210_0, 0, 8;
    %callf/vec4 TD_tb_gps_connected.U_LAT.to_digit, S_0x61c94d431030;
    %pad/u 32;
    %muli 1000, 0, 32;
    %load/vec4 v0x61c94d431b40_0;
    %store/vec4 v0x61c94d431210_0, 0, 8;
    %callf/vec4 TD_tb_gps_connected.U_LAT.to_digit, S_0x61c94d431030;
    %pad/u 32;
    %muli 100, 0, 32;
    %add;
    %load/vec4 v0x61c94d431c20_0;
    %store/vec4 v0x61c94d431210_0, 0, 8;
    %callf/vec4 TD_tb_gps_connected.U_LAT.to_digit, S_0x61c94d431030;
    %pad/u 32;
    %muli 10, 0, 32;
    %add;
    %load/vec4 v0x61c94d431d00_0;
    %store/vec4 v0x61c94d431210_0, 0, 8;
    %callf/vec4 TD_tb_gps_connected.U_LAT.to_digit, S_0x61c94d431030;
    %pad/u 32;
    %add;
    %assign/vec4 v0x61c94d4321c0_0, 0;
T_13.6 ;
    %load/vec4 v0x61c94d4321c0_0;
    %muli 65536, 0, 32;
    %pushi/vec4 10000, 0, 32;
    %div;
    %assign/vec4 v0x61c94d4326d0_0, 0;
    %load/vec4 v0x61c94d4327b0_0;
    %ix/load 4, 16, 0;
    %flag_set/imm 4, 0;
    %shiftl 4;
    %load/vec4 v0x61c94d4326d0_0;
    %add;
    %assign/vec4 v0x61c94d432890_0, 0;
    %load/vec4 v0x61c94d432890_0;
    %pushi/vec4 60, 0, 32;
    %div;
    %assign/vec4 v0x61c94d4325f0_0, 0;
    %load/vec4 v0x61c94d431f40_0;
    %ix/load 4, 16, 0;
    %flag_set/imm 4, 0;
    %shiftl 4;
    %assign/vec4 v0x61c94d432020_0, 0;
    %load/vec4 v0x61c94d432020_0;
    %load/vec4 v0x61c94d4325f0_0;
    %add;
    %assign/vec4 v0x61c94d432a10_0, 0;
    %load/vec4 v0x61c94d432bc0_0;
    %flag_set/vec4 8;
    %jmp/0 T_13.7, 8;
    %load/vec4 v0x61c94d432a10_0;
    %inv;
    %pushi/vec4 1, 0, 32;
    %add;
    %jmp/1 T_13.8, 8;
T_13.7 ; End of true expr.
    %load/vec4 v0x61c94d432a10_0;
    %jmp/0 T_13.8, 8;
 ; End of false expr.
    %blend;
T_13.8;
    %assign/vec4 v0x61c94d432100_0, 0;
    %pushi/vec4 1, 0, 1;
    %assign/vec4 v0x61c94d432970_0, 0;
    %pushi/vec4 0, 0, 1;
    %assign/vec4 v0x61c94d431de0_0, 0;
T_13.2 ;
T_13.1 ;
    %jmp T_13;
    .thread T_13;
    .scope S_0x61c94d432df0;
T_14 ;
    %wait E_0x61c94d3bed50;
    %load/vec4 v0x61c94d434b70_0;
    %flag_set/vec4 8;
    %jmp/0xz  T_14.0, 8;
    %pushi/vec4 0, 0, 32;
    %assign/vec4 v0x61c94d4341a0_0, 0;
    %pushi/vec4 0, 0, 1;
    %assign/vec4 v0x61c94d434a10_0, 0;
    %pushi/vec4 0, 0, 1;
    %assign/vec4 v0x61c94d433e80_0, 0;
    %pushi/vec4 0, 0, 32;
    %assign/vec4 v0x61c94d433fe0_0, 0;
    %pushi/vec4 0, 0, 32;
    %assign/vec4 v0x61c94d434850_0, 0;
    %pushi/vec4 0, 0, 32;
    %assign/vec4 v0x61c94d434260_0, 0;
    %pushi/vec4 0, 0, 32;
    %assign/vec4 v0x61c94d434770_0, 0;
    %pushi/vec4 0, 0, 32;
    %assign/vec4 v0x61c94d434930_0, 0;
    %pushi/vec4 0, 0, 32;
    %assign/vec4 v0x61c94d434690_0, 0;
    %pushi/vec4 0, 0, 32;
    %assign/vec4 v0x61c94d4340c0_0, 0;
    %pushi/vec4 0, 0, 32;
    %assign/vec4 v0x61c94d434ab0_0, 0;
    %jmp T_14.1;
T_14.0 ;
    %pushi/vec4 0, 0, 1;
    %assign/vec4 v0x61c94d434a10_0, 0;
    %load/vec4 v0x61c94d434430_0;
    %flag_set/vec4 9;
    %flag_get/vec4 9;
    %jmp/0 T_14.4, 9;
    %load/vec4 v0x61c94d433e80_0;
    %nor/r;
    %and;
T_14.4;
    %flag_set/vec4 8;
    %jmp/0xz  T_14.2, 8;
    %pushi/vec4 1, 0, 1;
    %assign/vec4 v0x61c94d433e80_0, 0;
    %load/vec4 v0x61c94d4344f0_0;
    %nor/r;
    %flag_set/vec4 8;
    %jmp/0xz  T_14.5, 8;
    %load/vec4 v0x61c94d433590_0;
    %store/vec4 v0x61c94d4332b0_0, 0, 8;
    %callf/vec4 TD_tb_gps_connected.U_LON.to_digit, S_0x61c94d4330b0;
    %pad/u 32;
    %muli 10, 0, 32;
    %load/vec4 v0x61c94d433670_0;
    %store/vec4 v0x61c94d4332b0_0, 0, 8;
    %callf/vec4 TD_tb_gps_connected.U_LON.to_digit, S_0x61c94d4330b0;
    %pad/u 32;
    %add;
    %assign/vec4 v0x61c94d433fe0_0, 0;
    %load/vec4 v0x61c94d433730_0;
    %store/vec4 v0x61c94d4332b0_0, 0, 8;
    %callf/vec4 TD_tb_gps_connected.U_LON.to_digit, S_0x61c94d4330b0;
    %pad/u 32;
    %muli 10, 0, 32;
    %load/vec4 v0x61c94d433810_0;
    %store/vec4 v0x61c94d4332b0_0, 0, 8;
    %callf/vec4 TD_tb_gps_connected.U_LON.to_digit, S_0x61c94d4330b0;
    %pad/u 32;
    %add;
    %assign/vec4 v0x61c94d434850_0, 0;
    %load/vec4 v0x61c94d433a20_0;
    %store/vec4 v0x61c94d4332b0_0, 0, 8;
    %callf/vec4 TD_tb_gps_connected.U_LON.to_digit, S_0x61c94d4330b0;
    %pad/u 32;
    %muli 1000, 0, 32;
    %load/vec4 v0x61c94d433b00_0;
    %store/vec4 v0x61c94d4332b0_0, 0, 8;
    %callf/vec4 TD_tb_gps_connected.U_LON.to_digit, S_0x61c94d4330b0;
    %pad/u 32;
    %muli 100, 0, 32;
    %add;
    %load/vec4 v0x61c94d433be0_0;
    %store/vec4 v0x61c94d4332b0_0, 0, 8;
    %callf/vec4 TD_tb_gps_connected.U_LON.to_digit, S_0x61c94d4330b0;
    %pad/u 32;
    %muli 10, 0, 32;
    %add;
    %load/vec4 v0x61c94d433cc0_0;
    %store/vec4 v0x61c94d4332b0_0, 0, 8;
    %callf/vec4 TD_tb_gps_connected.U_LON.to_digit, S_0x61c94d4330b0;
    %pad/u 32;
    %add;
    %assign/vec4 v0x61c94d434260_0, 0;
    %jmp T_14.6;
T_14.5 ;
    %load/vec4 v0x61c94d433590_0;
    %store/vec4 v0x61c94d4332b0_0, 0, 8;
    %callf/vec4 TD_tb_gps_connected.U_LON.to_digit, S_0x61c94d4330b0;
    %pad/u 32;
    %muli 100, 0, 32;
    %load/vec4 v0x61c94d433670_0;
    %store/vec4 v0x61c94d4332b0_0, 0, 8;
    %callf/vec4 TD_tb_gps_connected.U_LON.to_digit, S_0x61c94d4330b0;
    %pad/u 32;
    %muli 10, 0, 32;
    %add;
    %load/vec4 v0x61c94d433730_0;
    %store/vec4 v0x61c94d4332b0_0, 0, 8;
    %callf/vec4 TD_tb_gps_connected.U_LON.to_digit, S_0x61c94d4330b0;
    %pad/u 32;
    %add;
    %assign/vec4 v0x61c94d433fe0_0, 0;
    %load/vec4 v0x61c94d433810_0;
    %store/vec4 v0x61c94d4332b0_0, 0, 8;
    %callf/vec4 TD_tb_gps_connected.U_LON.to_digit, S_0x61c94d4330b0;
    %pad/u 32;
    %muli 10, 0, 32;
    %load/vec4 v0x61c94d433940_0;
    %store/vec4 v0x61c94d4332b0_0, 0, 8;
    %callf/vec4 TD_tb_gps_connected.U_LON.to_digit, S_0x61c94d4330b0;
    %pad/u 32;
    %add;
    %assign/vec4 v0x61c94d434850_0, 0;
    %load/vec4 v0x61c94d433b00_0;
    %store/vec4 v0x61c94d4332b0_0, 0, 8;
    %callf/vec4 TD_tb_gps_connected.U_LON.to_digit, S_0x61c94d4330b0;
    %pad/u 32;
    %muli 1000, 0, 32;
    %load/vec4 v0x61c94d433be0_0;
    %store/vec4 v0x61c94d4332b0_0, 0, 8;
    %callf/vec4 TD_tb_gps_connected.U_LON.to_digit, S_0x61c94d4330b0;
    %pad/u 32;
    %muli 100, 0, 32;
    %add;
    %load/vec4 v0x61c94d433cc0_0;
    %store/vec4 v0x61c94d4332b0_0, 0, 8;
    %callf/vec4 TD_tb_gps_connected.U_LON.to_digit, S_0x61c94d4330b0;
    %pad/u 32;
    %muli 10, 0, 32;
    %add;
    %load/vec4 v0x61c94d433da0_0;
    %store/vec4 v0x61c94d4332b0_0, 0, 8;
    %callf/vec4 TD_tb_gps_connected.U_LON.to_digit, S_0x61c94d4330b0;
    %pad/u 32;
    %add;
    %assign/vec4 v0x61c94d434260_0, 0;
T_14.6 ;
    %load/vec4 v0x61c94d434260_0;
    %muli 65536, 0, 32;
    %pushi/vec4 10000, 0, 32;
    %div;
    %assign/vec4 v0x61c94d434770_0, 0;
    %load/vec4 v0x61c94d434850_0;
    %ix/load 4, 16, 0;
    %flag_set/imm 4, 0;
    %shiftl 4;
    %load/vec4 v0x61c94d434770_0;
    %add;
    %assign/vec4 v0x61c94d434930_0, 0;
    %load/vec4 v0x61c94d434930_0;
    %pushi/vec4 60, 0, 32;
    %div;
    %assign/vec4 v0x61c94d434690_0, 0;
    %load/vec4 v0x61c94d433fe0_0;
    %ix/load 4, 16, 0;
    %flag_set/imm 4, 0;
    %shiftl 4;
    %assign/vec4 v0x61c94d4340c0_0, 0;
    %load/vec4 v0x61c94d4340c0_0;
    %load/vec4 v0x61c94d434690_0;
    %add;
    %assign/vec4 v0x61c94d434ab0_0, 0;
    %load/vec4 v0x61c94d434c10_0;
    %flag_set/vec4 8;
    %jmp/0 T_14.7, 8;
    %load/vec4 v0x61c94d434ab0_0;
    %inv;
    %pushi/vec4 1, 0, 32;
    %add;
    %jmp/1 T_14.8, 8;
T_14.7 ; End of true expr.
    %load/vec4 v0x61c94d434ab0_0;
    %jmp/0 T_14.8, 8;
 ; End of false expr.
    %blend;
T_14.8;
    %assign/vec4 v0x61c94d4341a0_0, 0;
    %pushi/vec4 1, 0, 1;
    %assign/vec4 v0x61c94d434a10_0, 0;
    %pushi/vec4 0, 0, 1;
    %assign/vec4 v0x61c94d433e80_0, 0;
T_14.2 ;
T_14.1 ;
    %jmp T_14;
    .thread T_14;
    .scope S_0x61c94d3fb970;
T_15 ;
    %wait E_0x61c94d3bed50;
    %load/vec4 v0x61c94d42f070_0;
    %flag_set/vec4 8;
    %jmp/0xz  T_15.0, 8;
    %pushi/vec4 0, 0, 1;
    %assign/vec4 v0x61c94d42edf0_0, 0;
    %pushi/vec4 0, 0, 256;
    %assign/vec4 v0x61c94d42eeb0_0, 0;
    %jmp T_15.1;
T_15.0 ;
    %pushi/vec4 0, 0, 1;
    %assign/vec4 v0x61c94d42edf0_0, 0;
    %load/vec4 v0x61c94d42e810_0;
    %flag_set/vec4 8;
    %jmp/0xz  T_15.2, 8;
    %load/vec4 v0x61c94d42ef90_0;
    %parti/s 1, 31, 6;
    %store/vec4 v0x61c94d42ed30_0, 0, 1;
    %load/vec4 v0x61c94d42ed30_0;
    %flag_set/vec4 8;
    %jmp/0 T_15.4, 8;
    %load/vec4 v0x61c94d42ef90_0;
    %inv;
    %pushi/vec4 1, 0, 32;
    %add;
    %jmp/1 T_15.5, 8;
T_15.4 ; End of true expr.
    %load/vec4 v0x61c94d42ef90_0;
    %jmp/0 T_15.5, 8;
 ; End of false expr.
    %blend;
T_15.5;
    %store/vec4 v0x61c94d42f130_0, 0, 32;
    %load/vec4 v0x61c94d42f130_0;
    %ix/load 4, 16, 0;
    %flag_set/imm 4, 0;
    %shiftr 4;
    %store/vec4 v0x61c94d42e8d0_0, 0, 32;
    %load/vec4 v0x61c94d42f130_0;
    %pushi/vec4 65535, 0, 32;
    %and;
    %store/vec4 v0x61c94d42e730_0, 0, 32;
    %load/vec4 v0x61c94d42e730_0;
    %muli 1000000, 0, 32;
    %pushi/vec4 65536, 0, 32;
    %div;
    %store/vec4 v0x61c94d42e650_0, 0, 32;
    %load/vec4 v0x61c94d42e8d0_0;
    %pushi/vec4 100, 0, 32;
    %div;
    %pushi/vec4 10, 0, 32;
    %mod;
    %store/vec4 v0x61c94d42dfe0_0, 0, 32;
    %load/vec4 v0x61c94d42e8d0_0;
    %pushi/vec4 10, 0, 32;
    %div;
    %pushi/vec4 10, 0, 32;
    %mod;
    %store/vec4 v0x61c94d412b60_0, 0, 32;
    %load/vec4 v0x61c94d42e8d0_0;
    %pushi/vec4 10, 0, 32;
    %mod;
    %store/vec4 v0x61c94d412a90_0, 0, 32;
    %load/vec4 v0x61c94d42e650_0;
    %pushi/vec4 100000, 0, 32;
    %div;
    %pushi/vec4 10, 0, 32;
    %mod;
    %store/vec4 v0x61c94d42e570_0, 0, 32;
    %load/vec4 v0x61c94d42e650_0;
    %pushi/vec4 10000, 0, 32;
    %div;
    %pushi/vec4 10, 0, 32;
    %mod;
    %store/vec4 v0x61c94d42e490_0, 0, 32;
    %load/vec4 v0x61c94d42e650_0;
    %pushi/vec4 1000, 0, 32;
    %div;
    %pushi/vec4 10, 0, 32;
    %mod;
    %store/vec4 v0x61c94d42e3b0_0, 0, 32;
    %load/vec4 v0x61c94d42e650_0;
    %pushi/vec4 100, 0, 32;
    %div;
    %pushi/vec4 10, 0, 32;
    %mod;
    %store/vec4 v0x61c94d42e2d0_0, 0, 32;
    %load/vec4 v0x61c94d42e650_0;
    %pushi/vec4 10, 0, 32;
    %div;
    %pushi/vec4 10, 0, 32;
    %mod;
    %store/vec4 v0x61c94d42e1f0_0, 0, 32;
    %load/vec4 v0x61c94d42e650_0;
    %pushi/vec4 10, 0, 32;
    %mod;
    %store/vec4 v0x61c94d42e0c0_0, 0, 32;
    %pushi/vec4 0, 0, 256;
    %assign/vec4 v0x61c94d42eeb0_0, 0;
    %pushi/vec4 0, 0, 32;
    %store/vec4 v0x61c94d4018c0_0, 0, 32;
    %load/vec4 v0x61c94d42e9b0_0;
    %store/vec4 v0x61c94d3f0b10_0, 0, 8;
    %fork TD_tb_gps_connected.U_FMT_LAT.putc, S_0x61c94d3fbdc0;
    %join;
    %pushi/vec4 1, 0, 32;
    %store/vec4 v0x61c94d4018c0_0, 0, 32;
    %load/vec4 v0x61c94d42ea90_0;
    %store/vec4 v0x61c94d3f0b10_0, 0, 8;
    %fork TD_tb_gps_connected.U_FMT_LAT.putc, S_0x61c94d3fbdc0;
    %join;
    %pushi/vec4 2, 0, 32;
    %store/vec4 v0x61c94d4018c0_0, 0, 32;
    %load/vec4 v0x61c94d42eb70_0;
    %store/vec4 v0x61c94d3f0b10_0, 0, 8;
    %fork TD_tb_gps_connected.U_FMT_LAT.putc, S_0x61c94d3fbdc0;
    %join;
    %pushi/vec4 3, 0, 32;
    %store/vec4 v0x61c94d4018c0_0, 0, 32;
    %load/vec4 v0x61c94d42ec50_0;
    %store/vec4 v0x61c94d3f0b10_0, 0, 8;
    %fork TD_tb_gps_connected.U_FMT_LAT.putc, S_0x61c94d3fbdc0;
    %join;
    %pushi/vec4 4, 0, 32;
    %store/vec4 v0x61c94d4018c0_0, 0, 32;
    %pushi/vec4 32, 0, 8;
    %store/vec4 v0x61c94d3f0b10_0, 0, 8;
    %fork TD_tb_gps_connected.U_FMT_LAT.putc, S_0x61c94d3fbdc0;
    %join;
    %pushi/vec4 5, 0, 32;
    %store/vec4 v0x61c94d4018c0_0, 0, 32;
    %load/vec4 v0x61c94d42ed30_0;
    %flag_set/vec4 8;
    %jmp/0 T_15.6, 8;
    %pushi/vec4 45, 0, 8; draw_string_vec4
    %jmp/1 T_15.7, 8;
T_15.6 ; End of true expr.
    %pushi/vec4 43, 0, 8; draw_string_vec4
    %jmp/0 T_15.7, 8;
 ; End of false expr.
    %blend;
T_15.7;
    %store/vec4 v0x61c94d3f0b10_0, 0, 8;
    %fork TD_tb_gps_connected.U_FMT_LAT.putc, S_0x61c94d3fbdc0;
    %join;
    %pushi/vec4 6, 0, 32;
    %store/vec4 v0x61c94d4018c0_0, 0, 32;
    %load/vec4 v0x61c94d42dfe0_0;
    %store/vec4 v0x61c94d401990_0, 0, 32;
    %callf/vec4 TD_tb_gps_connected.U_FMT_LAT.to_char, S_0x61c94d3fc210;
    %store/vec4 v0x61c94d3f0b10_0, 0, 8;
    %fork TD_tb_gps_connected.U_FMT_LAT.putc, S_0x61c94d3fbdc0;
    %join;
    %pushi/vec4 7, 0, 32;
    %store/vec4 v0x61c94d4018c0_0, 0, 32;
    %load/vec4 v0x61c94d412b60_0;
    %store/vec4 v0x61c94d401990_0, 0, 32;
    %callf/vec4 TD_tb_gps_connected.U_FMT_LAT.to_char, S_0x61c94d3fc210;
    %store/vec4 v0x61c94d3f0b10_0, 0, 8;
    %fork TD_tb_gps_connected.U_FMT_LAT.putc, S_0x61c94d3fbdc0;
    %join;
    %pushi/vec4 8, 0, 32;
    %store/vec4 v0x61c94d4018c0_0, 0, 32;
    %load/vec4 v0x61c94d412a90_0;
    %store/vec4 v0x61c94d401990_0, 0, 32;
    %callf/vec4 TD_tb_gps_connected.U_FMT_LAT.to_char, S_0x61c94d3fc210;
    %store/vec4 v0x61c94d3f0b10_0, 0, 8;
    %fork TD_tb_gps_connected.U_FMT_LAT.putc, S_0x61c94d3fbdc0;
    %join;
    %pushi/vec4 9, 0, 32;
    %store/vec4 v0x61c94d4018c0_0, 0, 32;
    %pushi/vec4 46, 0, 8; draw_string_vec4
    %store/vec4 v0x61c94d3f0b10_0, 0, 8;
    %fork TD_tb_gps_connected.U_FMT_LAT.putc, S_0x61c94d3fbdc0;
    %join;
    %pushi/vec4 10, 0, 32;
    %store/vec4 v0x61c94d4018c0_0, 0, 32;
    %load/vec4 v0x61c94d42e570_0;
    %store/vec4 v0x61c94d401990_0, 0, 32;
    %callf/vec4 TD_tb_gps_connected.U_FMT_LAT.to_char, S_0x61c94d3fc210;
    %store/vec4 v0x61c94d3f0b10_0, 0, 8;
    %fork TD_tb_gps_connected.U_FMT_LAT.putc, S_0x61c94d3fbdc0;
    %join;
    %pushi/vec4 11, 0, 32;
    %store/vec4 v0x61c94d4018c0_0, 0, 32;
    %load/vec4 v0x61c94d42e490_0;
    %store/vec4 v0x61c94d401990_0, 0, 32;
    %callf/vec4 TD_tb_gps_connected.U_FMT_LAT.to_char, S_0x61c94d3fc210;
    %store/vec4 v0x61c94d3f0b10_0, 0, 8;
    %fork TD_tb_gps_connected.U_FMT_LAT.putc, S_0x61c94d3fbdc0;
    %join;
    %pushi/vec4 12, 0, 32;
    %store/vec4 v0x61c94d4018c0_0, 0, 32;
    %load/vec4 v0x61c94d42e3b0_0;
    %store/vec4 v0x61c94d401990_0, 0, 32;
    %callf/vec4 TD_tb_gps_connected.U_FMT_LAT.to_char, S_0x61c94d3fc210;
    %store/vec4 v0x61c94d3f0b10_0, 0, 8;
    %fork TD_tb_gps_connected.U_FMT_LAT.putc, S_0x61c94d3fbdc0;
    %join;
    %pushi/vec4 13, 0, 32;
    %store/vec4 v0x61c94d4018c0_0, 0, 32;
    %load/vec4 v0x61c94d42e2d0_0;
    %store/vec4 v0x61c94d401990_0, 0, 32;
    %callf/vec4 TD_tb_gps_connected.U_FMT_LAT.to_char, S_0x61c94d3fc210;
    %store/vec4 v0x61c94d3f0b10_0, 0, 8;
    %fork TD_tb_gps_connected.U_FMT_LAT.putc, S_0x61c94d3fbdc0;
    %join;
    %pushi/vec4 14, 0, 32;
    %store/vec4 v0x61c94d4018c0_0, 0, 32;
    %load/vec4 v0x61c94d42e1f0_0;
    %store/vec4 v0x61c94d401990_0, 0, 32;
    %callf/vec4 TD_tb_gps_connected.U_FMT_LAT.to_char, S_0x61c94d3fc210;
    %store/vec4 v0x61c94d3f0b10_0, 0, 8;
    %fork TD_tb_gps_connected.U_FMT_LAT.putc, S_0x61c94d3fbdc0;
    %join;
    %pushi/vec4 15, 0, 32;
    %store/vec4 v0x61c94d4018c0_0, 0, 32;
    %load/vec4 v0x61c94d42e0c0_0;
    %store/vec4 v0x61c94d401990_0, 0, 32;
    %callf/vec4 TD_tb_gps_connected.U_FMT_LAT.to_char, S_0x61c94d3fc210;
    %store/vec4 v0x61c94d3f0b10_0, 0, 8;
    %fork TD_tb_gps_connected.U_FMT_LAT.putc, S_0x61c94d3fbdc0;
    %join;
    %pushi/vec4 16, 0, 32;
    %store/vec4 v0x61c94d4018c0_0, 0, 32;
    %pushi/vec4 10, 0, 8;
    %store/vec4 v0x61c94d3f0b10_0, 0, 8;
    %fork TD_tb_gps_connected.U_FMT_LAT.putc, S_0x61c94d3fbdc0;
    %join;
    %pushi/vec4 1, 0, 1;
    %assign/vec4 v0x61c94d42edf0_0, 0;
T_15.2 ;
T_15.1 ;
    %jmp T_15;
    .thread T_15;
    .scope S_0x61c94d3fc660;
T_16 ;
    %wait E_0x61c94d3bed50;
    %load/vec4 v0x61c94d430c00_0;
    %flag_set/vec4 8;
    %jmp/0xz  T_16.0, 8;
    %pushi/vec4 0, 0, 1;
    %assign/vec4 v0x61c94d430980_0, 0;
    %pushi/vec4 0, 0, 256;
    %assign/vec4 v0x61c94d430a40_0, 0;
    %jmp T_16.1;
T_16.0 ;
    %pushi/vec4 0, 0, 1;
    %assign/vec4 v0x61c94d430980_0, 0;
    %load/vec4 v0x61c94d4303a0_0;
    %flag_set/vec4 8;
    %jmp/0xz  T_16.2, 8;
    %load/vec4 v0x61c94d430b20_0;
    %parti/s 1, 31, 6;
    %store/vec4 v0x61c94d4308c0_0, 0, 1;
    %load/vec4 v0x61c94d4308c0_0;
    %flag_set/vec4 8;
    %jmp/0 T_16.4, 8;
    %load/vec4 v0x61c94d430b20_0;
    %inv;
    %pushi/vec4 1, 0, 32;
    %add;
    %jmp/1 T_16.5, 8;
T_16.4 ; End of true expr.
    %load/vec4 v0x61c94d430b20_0;
    %jmp/0 T_16.5, 8;
 ; End of false expr.
    %blend;
T_16.5;
    %store/vec4 v0x61c94d430ca0_0, 0, 32;
    %load/vec4 v0x61c94d430ca0_0;
    %ix/load 4, 16, 0;
    %flag_set/imm 4, 0;
    %shiftr 4;
    %store/vec4 v0x61c94d430460_0, 0, 32;
    %load/vec4 v0x61c94d430ca0_0;
    %pushi/vec4 65535, 0, 32;
    %and;
    %store/vec4 v0x61c94d4302c0_0, 0, 32;
    %load/vec4 v0x61c94d4302c0_0;
    %muli 1000000, 0, 32;
    %pushi/vec4 65536, 0, 32;
    %div;
    %store/vec4 v0x61c94d4301e0_0, 0, 32;
    %load/vec4 v0x61c94d430460_0;
    %pushi/vec4 100, 0, 32;
    %div;
    %pushi/vec4 10, 0, 32;
    %mod;
    %store/vec4 v0x61c94d42fb70_0, 0, 32;
    %load/vec4 v0x61c94d430460_0;
    %pushi/vec4 10, 0, 32;
    %div;
    %pushi/vec4 10, 0, 32;
    %mod;
    %store/vec4 v0x61c94d42fab0_0, 0, 32;
    %load/vec4 v0x61c94d430460_0;
    %pushi/vec4 10, 0, 32;
    %mod;
    %store/vec4 v0x61c94d42f9f0_0, 0, 32;
    %load/vec4 v0x61c94d4301e0_0;
    %pushi/vec4 100000, 0, 32;
    %div;
    %pushi/vec4 10, 0, 32;
    %mod;
    %store/vec4 v0x61c94d430100_0, 0, 32;
    %load/vec4 v0x61c94d4301e0_0;
    %pushi/vec4 10000, 0, 32;
    %div;
    %pushi/vec4 10, 0, 32;
    %mod;
    %store/vec4 v0x61c94d430020_0, 0, 32;
    %load/vec4 v0x61c94d4301e0_0;
    %pushi/vec4 1000, 0, 32;
    %div;
    %pushi/vec4 10, 0, 32;
    %mod;
    %store/vec4 v0x61c94d42ff40_0, 0, 32;
    %load/vec4 v0x61c94d4301e0_0;
    %pushi/vec4 100, 0, 32;
    %div;
    %pushi/vec4 10, 0, 32;
    %mod;
    %store/vec4 v0x61c94d42fe60_0, 0, 32;
    %load/vec4 v0x61c94d4301e0_0;
    %pushi/vec4 10, 0, 32;
    %div;
    %pushi/vec4 10, 0, 32;
    %mod;
    %store/vec4 v0x61c94d42fd80_0, 0, 32;
    %load/vec4 v0x61c94d4301e0_0;
    %pushi/vec4 10, 0, 32;
    %mod;
    %store/vec4 v0x61c94d42fc50_0, 0, 32;
    %pushi/vec4 0, 0, 256;
    %assign/vec4 v0x61c94d430a40_0, 0;
    %pushi/vec4 0, 0, 32;
    %store/vec4 v0x61c94d42f620_0, 0, 32;
    %load/vec4 v0x61c94d430540_0;
    %store/vec4 v0x61c94d42f520_0, 0, 8;
    %fork TD_tb_gps_connected.U_FMT_LON.putc, S_0x61c94d3fa3e0;
    %join;
    %pushi/vec4 1, 0, 32;
    %store/vec4 v0x61c94d42f620_0, 0, 32;
    %load/vec4 v0x61c94d430620_0;
    %store/vec4 v0x61c94d42f520_0, 0, 8;
    %fork TD_tb_gps_connected.U_FMT_LON.putc, S_0x61c94d3fa3e0;
    %join;
    %pushi/vec4 2, 0, 32;
    %store/vec4 v0x61c94d42f620_0, 0, 32;
    %load/vec4 v0x61c94d430700_0;
    %store/vec4 v0x61c94d42f520_0, 0, 8;
    %fork TD_tb_gps_connected.U_FMT_LON.putc, S_0x61c94d3fa3e0;
    %join;
    %pushi/vec4 3, 0, 32;
    %store/vec4 v0x61c94d42f620_0, 0, 32;
    %load/vec4 v0x61c94d4307e0_0;
    %store/vec4 v0x61c94d42f520_0, 0, 8;
    %fork TD_tb_gps_connected.U_FMT_LON.putc, S_0x61c94d3fa3e0;
    %join;
    %pushi/vec4 4, 0, 32;
    %store/vec4 v0x61c94d42f620_0, 0, 32;
    %pushi/vec4 32, 0, 8;
    %store/vec4 v0x61c94d42f520_0, 0, 8;
    %fork TD_tb_gps_connected.U_FMT_LON.putc, S_0x61c94d3fa3e0;
    %join;
    %pushi/vec4 5, 0, 32;
    %store/vec4 v0x61c94d42f620_0, 0, 32;
    %load/vec4 v0x61c94d4308c0_0;
    %flag_set/vec4 8;
    %jmp/0 T_16.6, 8;
    %pushi/vec4 45, 0, 8; draw_string_vec4
    %jmp/1 T_16.7, 8;
T_16.6 ; End of true expr.
    %pushi/vec4 43, 0, 8; draw_string_vec4
    %jmp/0 T_16.7, 8;
 ; End of false expr.
    %blend;
T_16.7;
    %store/vec4 v0x61c94d42f520_0, 0, 8;
    %fork TD_tb_gps_connected.U_FMT_LON.putc, S_0x61c94d3fa3e0;
    %join;
    %pushi/vec4 6, 0, 32;
    %store/vec4 v0x61c94d42f620_0, 0, 32;
    %load/vec4 v0x61c94d42fb70_0;
    %store/vec4 v0x61c94d42f770_0, 0, 32;
    %callf/vec4 TD_tb_gps_connected.U_FMT_LON.to_char, S_0x61c94d3fa830;
    %store/vec4 v0x61c94d42f520_0, 0, 8;
    %fork TD_tb_gps_connected.U_FMT_LON.putc, S_0x61c94d3fa3e0;
    %join;
    %pushi/vec4 7, 0, 32;
    %store/vec4 v0x61c94d42f620_0, 0, 32;
    %load/vec4 v0x61c94d42fab0_0;
    %store/vec4 v0x61c94d42f770_0, 0, 32;
    %callf/vec4 TD_tb_gps_connected.U_FMT_LON.to_char, S_0x61c94d3fa830;
    %store/vec4 v0x61c94d42f520_0, 0, 8;
    %fork TD_tb_gps_connected.U_FMT_LON.putc, S_0x61c94d3fa3e0;
    %join;
    %pushi/vec4 8, 0, 32;
    %store/vec4 v0x61c94d42f620_0, 0, 32;
    %load/vec4 v0x61c94d42f9f0_0;
    %store/vec4 v0x61c94d42f770_0, 0, 32;
    %callf/vec4 TD_tb_gps_connected.U_FMT_LON.to_char, S_0x61c94d3fa830;
    %store/vec4 v0x61c94d42f520_0, 0, 8;
    %fork TD_tb_gps_connected.U_FMT_LON.putc, S_0x61c94d3fa3e0;
    %join;
    %pushi/vec4 9, 0, 32;
    %store/vec4 v0x61c94d42f620_0, 0, 32;
    %pushi/vec4 46, 0, 8; draw_string_vec4
    %store/vec4 v0x61c94d42f520_0, 0, 8;
    %fork TD_tb_gps_connected.U_FMT_LON.putc, S_0x61c94d3fa3e0;
    %join;
    %pushi/vec4 10, 0, 32;
    %store/vec4 v0x61c94d42f620_0, 0, 32;
    %load/vec4 v0x61c94d430100_0;
    %store/vec4 v0x61c94d42f770_0, 0, 32;
    %callf/vec4 TD_tb_gps_connected.U_FMT_LON.to_char, S_0x61c94d3fa830;
    %store/vec4 v0x61c94d42f520_0, 0, 8;
    %fork TD_tb_gps_connected.U_FMT_LON.putc, S_0x61c94d3fa3e0;
    %join;
    %pushi/vec4 11, 0, 32;
    %store/vec4 v0x61c94d42f620_0, 0, 32;
    %load/vec4 v0x61c94d430020_0;
    %store/vec4 v0x61c94d42f770_0, 0, 32;
    %callf/vec4 TD_tb_gps_connected.U_FMT_LON.to_char, S_0x61c94d3fa830;
    %store/vec4 v0x61c94d42f520_0, 0, 8;
    %fork TD_tb_gps_connected.U_FMT_LON.putc, S_0x61c94d3fa3e0;
    %join;
    %pushi/vec4 12, 0, 32;
    %store/vec4 v0x61c94d42f620_0, 0, 32;
    %load/vec4 v0x61c94d42ff40_0;
    %store/vec4 v0x61c94d42f770_0, 0, 32;
    %callf/vec4 TD_tb_gps_connected.U_FMT_LON.to_char, S_0x61c94d3fa830;
    %store/vec4 v0x61c94d42f520_0, 0, 8;
    %fork TD_tb_gps_connected.U_FMT_LON.putc, S_0x61c94d3fa3e0;
    %join;
    %pushi/vec4 13, 0, 32;
    %store/vec4 v0x61c94d42f620_0, 0, 32;
    %load/vec4 v0x61c94d42fe60_0;
    %store/vec4 v0x61c94d42f770_0, 0, 32;
    %callf/vec4 TD_tb_gps_connected.U_FMT_LON.to_char, S_0x61c94d3fa830;
    %store/vec4 v0x61c94d42f520_0, 0, 8;
    %fork TD_tb_gps_connected.U_FMT_LON.putc, S_0x61c94d3fa3e0;
    %join;
    %pushi/vec4 14, 0, 32;
    %store/vec4 v0x61c94d42f620_0, 0, 32;
    %load/vec4 v0x61c94d42fd80_0;
    %store/vec4 v0x61c94d42f770_0, 0, 32;
    %callf/vec4 TD_tb_gps_connected.U_FMT_LON.to_char, S_0x61c94d3fa830;
    %store/vec4 v0x61c94d42f520_0, 0, 8;
    %fork TD_tb_gps_connected.U_FMT_LON.putc, S_0x61c94d3fa3e0;
    %join;
    %pushi/vec4 15, 0, 32;
    %store/vec4 v0x61c94d42f620_0, 0, 32;
    %load/vec4 v0x61c94d42fc50_0;
    %store/vec4 v0x61c94d42f770_0, 0, 32;
    %callf/vec4 TD_tb_gps_connected.U_FMT_LON.to_char, S_0x61c94d3fa830;
    %store/vec4 v0x61c94d42f520_0, 0, 8;
    %fork TD_tb_gps_connected.U_FMT_LON.putc, S_0x61c94d3fa3e0;
    %join;
    %pushi/vec4 16, 0, 32;
    %store/vec4 v0x61c94d42f620_0, 0, 32;
    %pushi/vec4 10, 0, 8;
    %store/vec4 v0x61c94d42f520_0, 0, 8;
    %fork TD_tb_gps_connected.U_FMT_LON.putc, S_0x61c94d3fa3e0;
    %join;
    %pushi/vec4 1, 0, 1;
    %assign/vec4 v0x61c94d430980_0, 0;
T_16.2 ;
T_16.1 ;
    %jmp T_16;
    .thread T_16;
    .scope S_0x61c94d3fb0d0;
T_17 ;
    %pushi/vec4 0, 0, 1;
    %store/vec4 v0x61c94d4382f0_0, 0, 1;
    %pushi/vec4 1, 0, 1;
    %store/vec4 v0x61c94d439060_0, 0, 1;
    %pushi/vec4 1, 0, 1;
    %store/vec4 v0x61c94d4395f0_0, 0, 1;
    %end;
    .thread T_17;
    .scope S_0x61c94d3fb0d0;
T_18 ;
    %delay 10000, 0;
    %load/vec4 v0x61c94d4382f0_0;
    %inv;
    %store/vec4 v0x61c94d4382f0_0, 0, 1;
    %jmp T_18;
    .thread T_18;
    .scope S_0x61c94d3fb0d0;
T_19 ;
    %vpi_call 2 107 "$dumpfile", "gps.vcd" {0 0 0};
    %vpi_call 2 107 "$dumpvars", 32'sb00000000000000000000000000000000, S_0x61c94d3fb0d0 {0 0 0};
    %delay 100000, 0;
    %pushi/vec4 0, 0, 1;
    %store/vec4 v0x61c94d439060_0, 0, 1;
    %fork TD_tb_gps_connected.send_gprmc_example, S_0x61c94d4379f0;
    %join;
    %delay 1000000000, 0;
    %load/vec4 v0x61c94d438860_0;
    %flag_set/vec4 8;
    %jmp/0xz  T_19.0, 8;
    %vpi_call 2 112 "$write", "LAT: " {0 0 0};
    %load/vec4 v0x61c94d438470_0;
    %store/vec4 v0x61c94d437930_0, 0, 256;
    %fork TD_tb_gps_connected.print_vec, S_0x61c94d4375c0;
    %join;
T_19.0 ;
    %load/vec4 v0x61c94d438ed0_0;
    %flag_set/vec4 8;
    %jmp/0xz  T_19.2, 8;
    %vpi_call 2 115 "$write", "LON: " {0 0 0};
    %load/vec4 v0x61c94d438b40_0;
    %store/vec4 v0x61c94d437930_0, 0, 256;
    %fork TD_tb_gps_connected.print_vec, S_0x61c94d4375c0;
    %join;
T_19.2 ;
    %delay 1410065408, 2;
    %vpi_call 2 117 "$finish" {0 0 0};
    %end;
    .thread T_19;
# The file index is used to find the file name in the following table.
:file_names 7;
    "N/A";
    "<interactive>";
    "_tb_gps_connected.v";
    "formatter.v";
    "ascii_to_fixed.v";
    "nmea_parser.v";
    "uart_rx.v";
